<?xml version="1.0" encoding="UTF-8"?>
<!DOCTYPE html PUBLIC "-//W3C//DTD XHTML 1.0 Strict//EN" "http://www.w3.org/TR/xhtml1/DTD/xhtml1-strict.dtd">
<html xmlns="http://www.w3.org/1999/xhtml">
<head>
    <title>InterFaceTest Report</title>
    <meta name="generator" content="HTMLTestRunner 0.8.2"/>
    <meta http-equiv="Content-Type" content="text/html; charset=UTF-8"/>
    
<style type="text/css" media="screen">
body        { font-family: verdana, arial, helvetica, sans-serif; font-size: 80%; }
table       { font-size: 100%; }
pre         { }
 
/* -- heading ---------------------------------------------------------------------- */
h1 {
    font-size: 16pt;
    color: gray;
}
.heading {
    margin-top: 0ex;
    margin-bottom: 1ex;
}
 
.heading .attribute {
    margin-top: 1ex;
    margin-bottom: 0;
}
 
.button{ 
    border:1px solid #cccccc; 
    cursor:pointer; 
    margin:10px 5px; 
    height:40px; 
    text-align:center; 
    border-radius: 4px; 
    border-color: #636263 #464647 #A1A3A5; 
    text-shadow: 0 1px 1px #F6F6F6; 
    background-image: -moz-linear-gradient(center top, #D9D9D9, #A6A6A6 49%, #A6A6A6 50%); 
    background-image: -webkit-gradient(linear, left top, left bottom, color-stop(0, #D9D9D9),color-stop(1, #A6A6A6)); 
} 
 
.buttonText{ 
    position:relative; 
    font-weight:bold; 
    top:10px;
    color:#58595B; 
}  
 
.heading .description {
    margin-top: 4ex;
    margin-bottom: 6ex;
}
 
.panel .description{ 
    border:1px solid #CCCCCC; 
    border-color: #636263 #464647 #A1A3A5; 
    margin:10px 5px; 
    height:165px; 
    border-radius: 4px; 
} 
.scroll-item { 
    position: relative; 
    width: 100%; 
    height: 32px; 
    border-bottom:1px solid gray; 
    cursor: pointer; 
} 
.item-even { 
    background-color: #E7E8EC; 
} 
       
.item-odd { 
    background-color: #E0ECF6; 
} 
.rect { 
    float: left; 
    margin-top: 5px; 
    margin-left: 5px; 
    width: 20px; 
    height: 20px; 
    border-radius: 3px; 
} 
.item-text{ 
    margin-left: 5px; 
    height: 100%; 
    float: left; 
    font-size: 14px;  
    vertical-align: middle; 
    display: inline-block; 
    line-height: 30px; 
} 
 
.bg{ 
    position:absolute; 
    height:97%; 
    width:80%; 
    overflow-x: hidden; 
    overflow-y:hidden; 
} 
.panel{ 
    position:absolute; 
    height:550px; 
    width:750px; 
    left:45px; 
    top:45px; 
    border-radius: 12px; 
    background-image: -moz-linear-gradient(top,#EBEBEB, #BFBFBF); 
    background-image: -webkit-gradient(linear, left top, left bottom, color-stop(0, #EBEBEB),color-stop(1, #BFBFBF)); 
    } 
.panel1{ 
    position:absolute; 
    height:550px; 
    width:200px; 
    left:800px; 
    top:45px; 
    border-radius: 12px; 
    background-image: -moz-linear-gradient(top,#EBEBEB, #BFBFBF); 
    background-image: -webkit-gradient(linear, left top, left bottom, color-stop(0, #EBEBEB),color-stop(1, #BFBFBF)); 
    }
.panelBg{ 
    position:absolute; 
    height:600px; 
    width:1000px; 
    left:20px; 
    top:20px; 
    border-radius: 12px; 
    background-color:#000000; 
    opacity:0.5; 
} 
 
.title{ 
    border:1px solid green; 
    position:relative; 
    margin:5px; 
    font-size:22px; 
    font-weight:bold; 
    text-align:center; 
    color:#58595B; 
}
 
.piechart{ 
    border:1px solid green; 
    margin:5px; 
    height:170px; 
}
 
.barchart{ 
    border:1px solid green; 
    margin:5px; 
    height:170px; 
} 
 
.linechart{ 
    border:1px solid green; 
    margin:5px; 
    height:170px; 
}
      
.subTitle{ 
    border:1px solid green; 
    margin:5px;  
    font-size:14px; 
    height:70px; 
    font-weight:bold; 
    text-indent:2em; 
    color:#6D6E71; 
} 
 
/* -- css div popup ------------------------------------------------------------------------ */
a.popup_link {
}
 
a.popup_link:hover {
    color: red;
}
 
.popup_window {
    display: none;
    position: relative;
    left: 0px;
    top: 0px;
    /*border: solid #627173 1px; */
    padding: 10px;
    background-color: #E6E6D6;
    font-family: "Lucida Console", "Courier New", Courier, monospace;
    text-align: left;
    font-size: 8pt;
    width: 500px;
}
 
}
/* -- report ------------------------------------------------------------------------ */
#show_detail_line {
    margin-top: 3ex;
    margin-bottom: 1ex;
}
#result_table {
    width: 80%;
    border-collapse: collapse;
    border: 1px solid #777;
}
#header_row {
    font-weight: bold;
    color: white;
    background-color: #777;
}
#result_table td {
    border: 2px solid #777;
    padding: 3px;
}
#total_row  { font-weight: bold; }
.passClass  { background-color: #6c6; }
.failClass  { background-color: #c60; }
.errorClass { background-color: #c00; }
.passCase   { color: #6c6; font-weight: bold;}
.failCase   { color: #c60; font-weight: bold; }
.errorCase  { color: #c00; font-weight: bold; }
.hiddenRow  { display: none; }
.testcase   { margin-left: 2em; }
 
#section1{ 
    border:1px solid green; 
    position:relative; 
    float:left; 
    width:235px; 
    height:530px; 
    top:10px; 
    left:10px; 
} 
#section2{ 
    border:1px solid green; 
    position:relative; 
    float:left; 
    width:235px; 
    height:530px; 
    top:10px; 
    left:20px; 
} 
#section3{ 
    border:1px solid green; 
    position:relative; 
    float:left; 
    width:235px; 
    height:530px; 
    top:10px; 
    left:30px; 
} 
#section4{ 
    border:1px solid green; 
    position:relative; 
    float:left; 
    width:180px; 
    height:530px; 
    top:10px; 
    left:10px; 
} 
 
.loseeffect{
    color:black;
    text-decoration:none;
    cursor:text;
}
 
/* -- ending ---------------------------------------------------------------------- */
#ending {
}
 
</style>

</head>
<body style="background-color:#FFFFFF">
<script language="javascript" type="text/javascript"><!--
output_list = Array();
 
/* level - 0:Summary; 1:Pass; 2:Fail; 3:Error; 4:All */
function showCase(level) {
    trs = document.getElementsByTagName("tr");
    for (var i = 0; i < trs.length; i++) {
        tr = trs[i];
        id = tr.id;
        if (id.substr(0,2) == 'Ft') {
            if (level == 2) {
                tr.className = '';
            }
            else if(level == 4) {
                tr.className = '';
            }
            else if(level == 5) {
                tr.className = '';
            }
            else{
                tr.className = 'hiddenRow';
            }
        }
        if (id.substr(0,2) == 'Pt') {
            if (level == 1) {
                tr.className = '';
            }
            else if(level == 4 ) {
                tr.className = '';
            }
            else{
                tr.className = 'hiddenRow';
            }
        }
        if (id.substr(0,2) == 'Et') {
            if (level == 3) {
                tr.className = '';
            }
            else if(level == 4 ) {
                tr.className = '';
            }
            else if(level == 5 ) {
                tr.className = '';
            }
            else{
                tr.className = 'hiddenRow';
            }
        }
    }
}
             
 
function showClassDetail(cid, count) {
    var id_list = Array(count);
    var toHide = 1;
    for (var i = 0; i < count; i++) {
        tid0 = 't' + cid.substr(1) + '.' + (i+1);
        tid = 'F' + tid0;
        tr = document.getElementById(tid);
        if (!tr) {
            tid = 'P' + tid0;
            tr = document.getElementById(tid);
            if(!tr){
                tid = 'E' + tid0;
                tr = document.getElementById(tid);
            }
        }
        id_list[i] = tid;
        if (tr.className) {
            toHide = 0;
        }
    }
    for (var i = 0; i < count; i++) {
        tid = id_list[i];
        if (toHide) {
            document.getElementById('div_'+tid).style.display = 'none'
            document.getElementById(tid).className = 'hiddenRow';
        }
        else {
            document.getElementById(tid).className = '';
        }
    }
}
 
 
function showTestDetail(div_id){
    var details_div = document.getElementById(div_id)
    var displayState = details_div.style.display
    // alert(displayState)
    if (displayState != 'block' ) {
        displayState = 'block'
        details_div.style.display = 'block'
    }
    else {
        details_div.style.display = 'none'
    }
}
 
 
function html_escape(s) {
    s = s.replace(/&/g,'&');
    s = s.replace(/</g,'<');
    s = s.replace(/>/g,'>');
    return s;
}
 
/* obsoleted by detail in <div>
function showOutput(id, name) {
    var w = window.open("", //url
                    name,
                    "resizable,scrollbars,status,width=800,height=450");
    d = w.document;
    d.write("<pre>");
    d.write(html_escape(output_list[id]));
    d.write("\n");
    d.write("<a href='javascript:window.close()'>close</a>\n");
    d.write("</pre>\n");
    d.close();
}
*/
--></script>
 
<div class='heading'>
<h1>InterFaceTest Report</h1>
<p class='attribute'><strong>Start Time:</strong> 2018-11-01 11:00:01</p>
<p class='attribute'><strong>Duration:</strong> 0:00:00.004501</p>
<p class='attribute'><strong>Status:</strong> Error 71</p>

<p class='description'>Device Access Server Interface Test Project</p>
</div>
 


<p id='show_detail_line'>Show
<a href='javascript:showCase(0)'>Summary</a>
<a href='javascript:showCase(1)'>Pass</a>
<a href='javascript:showCase(2)'>Fail</a>
<a href='javascript:showCase(3)'>Error</a>
<a href='javascript:showCase(5)'>Fail&Error</a>
<a href='javascript:showCase(4)'>All</a>
</p>
<table id='result_table'>
<colgroup>
<col align='left' />
<col align='right' />
<col align='right' />
<col align='right' />
<col align='right' />
<col align='right' />
</colgroup>
<tr id='header_row'>
    <td>Test Group/Test case</td>
    <td>Count</td>
    <td>Pass</td>
    <td>Fail</td>
    <td>Error</td>
    <td>CaseShot</td>
    <td>CaseInfo</td>
</tr>

<tr class='errorClass'>
    <td>unittest.loader._FailedTest</td>
    <td>71</td>
    <td>0</td>
    <td>0</td>
    <td>71</td>
    <td>Click hyperlink view</td>
    <td><a href="javascript:showClassDetail('c1',71)">Detail</a></td>
</tr>

<tr id='Et1.1' class='none'>
    <td class='errorCase'><div class='testcase'>testElevatorGetDevStatus</div></td>
    <td colspan='4' align='center'>
 
    <!--css div popup start-->
    <a class="popup_link" onfocus='this.blur();' href="javascript:showTestDetail('div_Et1.1')" >
        error</a>
 
    <div id='div_Et1.1' class="popup_window">
        <div style='text-align: right; color:red;cursor:pointer'>
        <a onfocus='this.blur();' onclick="document.getElementById('div_Et1.1').style.display = 'none' " >
           [x]</a>
        </div>
        <pre>
        
Et1.1: ImportError: Failed to import test module: testElevatorGetDevStatus
Traceback (most recent call last):
  File "C:\Users\chengxue\AppData\Local\Programs\Python\Python36\lib\unittest\loader.py", line 428, in _find_test_path
    module = self._get_module_from_name(name)
  File "C:\Users\chengxue\AppData\Local\Programs\Python\Python36\lib\unittest\loader.py", line 369, in _get_module_from_name
    __import__(name)
  File "D:\Python3--script\DASInterfaceTest --unittest\testCase\testElevatorGetDevStatus.py", line 3, in &lt;module&gt;
    import paramunittest
ModuleNotFoundError: No module named 'paramunittest'



        </pre>
    </div>
    <!--css div popup end-->
 
    </td>
    <td colspan='1' align='center'><a  href="javascript:void(0)" target="" class="loseeffect">picture_shot</a>
    </td>
    <td colspan='1' align='center'>
No Case Detail
</td>
</tr>

<tr id='Et1.2' class='none'>
    <td class='errorCase'><div class='testcase'>testPowerCtrlPwrDc2Dc</div></td>
    <td colspan='4' align='center'>
 
    <!--css div popup start-->
    <a class="popup_link" onfocus='this.blur();' href="javascript:showTestDetail('div_Et1.2')" >
        error</a>
 
    <div id='div_Et1.2' class="popup_window">
        <div style='text-align: right; color:red;cursor:pointer'>
        <a onfocus='this.blur();' onclick="document.getElementById('div_Et1.2').style.display = 'none' " >
           [x]</a>
        </div>
        <pre>
        
Et1.2: ImportError: Failed to import test module: testPowerCtrlPwrDc2Dc
Traceback (most recent call last):
  File "C:\Users\chengxue\AppData\Local\Programs\Python\Python36\lib\unittest\loader.py", line 428, in _find_test_path
    module = self._get_module_from_name(name)
  File "C:\Users\chengxue\AppData\Local\Programs\Python\Python36\lib\unittest\loader.py", line 369, in _get_module_from_name
    __import__(name)
  File "D:\Python3--script\DASInterfaceTest --unittest\testCase\testPowerCtrlPwrDc2Dc.py", line 3, in &lt;module&gt;
    import paramunittest
ModuleNotFoundError: No module named 'paramunittest'



        </pre>
    </div>
    <!--css div popup end-->
 
    </td>
    <td colspan='1' align='center'><a  href="javascript:void(0)" target="" class="loseeffect">picture_shot</a>
    </td>
    <td colspan='1' align='center'>
No Case Detail
</td>
</tr>

<tr id='Et1.3' class='none'>
    <td class='errorCase'><div class='testcase'>testPowerGetPwrDevInfo</div></td>
    <td colspan='4' align='center'>
 
    <!--css div popup start-->
    <a class="popup_link" onfocus='this.blur();' href="javascript:showTestDetail('div_Et1.3')" >
        error</a>
 
    <div id='div_Et1.3' class="popup_window">
        <div style='text-align: right; color:red;cursor:pointer'>
        <a onfocus='this.blur();' onclick="document.getElementById('div_Et1.3').style.display = 'none' " >
           [x]</a>
        </div>
        <pre>
        
Et1.3: ImportError: Failed to import test module: testPowerGetPwrDevInfo
Traceback (most recent call last):
  File "C:\Users\chengxue\AppData\Local\Programs\Python\Python36\lib\unittest\loader.py", line 428, in _find_test_path
    module = self._get_module_from_name(name)
  File "C:\Users\chengxue\AppData\Local\Programs\Python\Python36\lib\unittest\loader.py", line 369, in _get_module_from_name
    __import__(name)
  File "D:\Python3--script\DASInterfaceTest --unittest\testCase\testPowerGetPwrDevInfo.py", line 3, in &lt;module&gt;
    import paramunittest
ModuleNotFoundError: No module named 'paramunittest'



        </pre>
    </div>
    <!--css div popup end-->
 
    </td>
    <td colspan='1' align='center'><a  href="javascript:void(0)" target="" class="loseeffect">picture_shot</a>
    </td>
    <td colspan='1' align='center'>
No Case Detail
</td>
</tr>

<tr id='Et1.4' class='none'>
    <td class='errorCase'><div class='testcase'>testPowerGetPwrDevType</div></td>
    <td colspan='4' align='center'>
 
    <!--css div popup start-->
    <a class="popup_link" onfocus='this.blur();' href="javascript:showTestDetail('div_Et1.4')" >
        error</a>
 
    <div id='div_Et1.4' class="popup_window">
        <div style='text-align: right; color:red;cursor:pointer'>
        <a onfocus='this.blur();' onclick="document.getElementById('div_Et1.4').style.display = 'none' " >
           [x]</a>
        </div>
        <pre>
        
Et1.4: ImportError: Failed to import test module: testPowerGetPwrDevType
Traceback (most recent call last):
  File "C:\Users\chengxue\AppData\Local\Programs\Python\Python36\lib\unittest\loader.py", line 428, in _find_test_path
    module = self._get_module_from_name(name)
  File "C:\Users\chengxue\AppData\Local\Programs\Python\Python36\lib\unittest\loader.py", line 369, in _get_module_from_name
    __import__(name)
  File "D:\Python3--script\DASInterfaceTest --unittest\testCase\testPowerGetPwrDevType.py", line 3, in &lt;module&gt;
    import paramunittest
ModuleNotFoundError: No module named 'paramunittest'



        </pre>
    </div>
    <!--css div popup end-->
 
    </td>
    <td colspan='1' align='center'><a  href="javascript:void(0)" target="" class="loseeffect">picture_shot</a>
    </td>
    <td colspan='1' align='center'>
No Case Detail
</td>
</tr>

<tr id='Et1.5' class='none'>
    <td class='errorCase'><div class='testcase'>testPowerGetPwrResetTime</div></td>
    <td colspan='4' align='center'>
 
    <!--css div popup start-->
    <a class="popup_link" onfocus='this.blur();' href="javascript:showTestDetail('div_Et1.5')" >
        error</a>
 
    <div id='div_Et1.5' class="popup_window">
        <div style='text-align: right; color:red;cursor:pointer'>
        <a onfocus='this.blur();' onclick="document.getElementById('div_Et1.5').style.display = 'none' " >
           [x]</a>
        </div>
        <pre>
        
Et1.5: ImportError: Failed to import test module: testPowerGetPwrResetTime
Traceback (most recent call last):
  File "C:\Users\chengxue\AppData\Local\Programs\Python\Python36\lib\unittest\loader.py", line 428, in _find_test_path
    module = self._get_module_from_name(name)
  File "C:\Users\chengxue\AppData\Local\Programs\Python\Python36\lib\unittest\loader.py", line 369, in _get_module_from_name
    __import__(name)
  File "D:\Python3--script\DASInterfaceTest --unittest\testCase\testPowerGetPwrResetTime.py", line 3, in &lt;module&gt;
    import paramunittest
ModuleNotFoundError: No module named 'paramunittest'



        </pre>
    </div>
    <!--css div popup end-->
 
    </td>
    <td colspan='1' align='center'><a  href="javascript:void(0)" target="" class="loseeffect">picture_shot</a>
    </td>
    <td colspan='1' align='center'>
No Case Detail
</td>
</tr>

<tr id='Et1.6' class='none'>
    <td class='errorCase'><div class='testcase'>testPowerRestorePwr</div></td>
    <td colspan='4' align='center'>
 
    <!--css div popup start-->
    <a class="popup_link" onfocus='this.blur();' href="javascript:showTestDetail('div_Et1.6')" >
        error</a>
 
    <div id='div_Et1.6' class="popup_window">
        <div style='text-align: right; color:red;cursor:pointer'>
        <a onfocus='this.blur();' onclick="document.getElementById('div_Et1.6').style.display = 'none' " >
           [x]</a>
        </div>
        <pre>
        
Et1.6: ImportError: Failed to import test module: testPowerRestorePwr
Traceback (most recent call last):
  File "C:\Users\chengxue\AppData\Local\Programs\Python\Python36\lib\unittest\loader.py", line 428, in _find_test_path
    module = self._get_module_from_name(name)
  File "C:\Users\chengxue\AppData\Local\Programs\Python\Python36\lib\unittest\loader.py", line 369, in _get_module_from_name
    __import__(name)
  File "D:\Python3--script\DASInterfaceTest --unittest\testCase\testPowerRestorePwr.py", line 3, in &lt;module&gt;
    import paramunittest
ModuleNotFoundError: No module named 'paramunittest'



        </pre>
    </div>
    <!--css div popup end-->
 
    </td>
    <td colspan='1' align='center'><a  href="javascript:void(0)" target="" class="loseeffect">picture_shot</a>
    </td>
    <td colspan='1' align='center'>
No Case Detail
</td>
</tr>

<tr id='Et1.7' class='none'>
    <td class='errorCase'><div class='testcase'>testPowerSetPwrAlarm</div></td>
    <td colspan='4' align='center'>
 
    <!--css div popup start-->
    <a class="popup_link" onfocus='this.blur();' href="javascript:showTestDetail('div_Et1.7')" >
        error</a>
 
    <div id='div_Et1.7' class="popup_window">
        <div style='text-align: right; color:red;cursor:pointer'>
        <a onfocus='this.blur();' onclick="document.getElementById('div_Et1.7').style.display = 'none' " >
           [x]</a>
        </div>
        <pre>
        
Et1.7: ImportError: Failed to import test module: testPowerSetPwrAlarm
Traceback (most recent call last):
  File "C:\Users\chengxue\AppData\Local\Programs\Python\Python36\lib\unittest\loader.py", line 428, in _find_test_path
    module = self._get_module_from_name(name)
  File "C:\Users\chengxue\AppData\Local\Programs\Python\Python36\lib\unittest\loader.py", line 369, in _get_module_from_name
    __import__(name)
  File "D:\Python3--script\DASInterfaceTest --unittest\testCase\testPowerSetPwrAlarm.py", line 3, in &lt;module&gt;
    import paramunittest
ModuleNotFoundError: No module named 'paramunittest'



        </pre>
    </div>
    <!--css div popup end-->
 
    </td>
    <td colspan='1' align='center'><a  href="javascript:void(0)" target="" class="loseeffect">picture_shot</a>
    </td>
    <td colspan='1' align='center'>
No Case Detail
</td>
</tr>

<tr id='Et1.8' class='none'>
    <td class='errorCase'><div class='testcase'>testPowerSetPwrMaintain</div></td>
    <td colspan='4' align='center'>
 
    <!--css div popup start-->
    <a class="popup_link" onfocus='this.blur();' href="javascript:showTestDetail('div_Et1.8')" >
        error</a>
 
    <div id='div_Et1.8' class="popup_window">
        <div style='text-align: right; color:red;cursor:pointer'>
        <a onfocus='this.blur();' onclick="document.getElementById('div_Et1.8').style.display = 'none' " >
           [x]</a>
        </div>
        <pre>
        
Et1.8: ImportError: Failed to import test module: testPowerSetPwrMaintain
Traceback (most recent call last):
  File "C:\Users\chengxue\AppData\Local\Programs\Python\Python36\lib\unittest\loader.py", line 428, in _find_test_path
    module = self._get_module_from_name(name)
  File "C:\Users\chengxue\AppData\Local\Programs\Python\Python36\lib\unittest\loader.py", line 369, in _get_module_from_name
    __import__(name)
  File "D:\Python3--script\DASInterfaceTest --unittest\testCase\testPowerSetPwrMaintain.py", line 3, in &lt;module&gt;
    import paramunittest
ModuleNotFoundError: No module named 'paramunittest'



        </pre>
    </div>
    <!--css div popup end-->
 
    </td>
    <td colspan='1' align='center'><a  href="javascript:void(0)" target="" class="loseeffect">picture_shot</a>
    </td>
    <td colspan='1' align='center'>
No Case Detail
</td>
</tr>

<tr id='Et1.9' class='none'>
    <td class='errorCase'><div class='testcase'>testPowerSetPwrResetTime</div></td>
    <td colspan='4' align='center'>
 
    <!--css div popup start-->
    <a class="popup_link" onfocus='this.blur();' href="javascript:showTestDetail('div_Et1.9')" >
        error</a>
 
    <div id='div_Et1.9' class="popup_window">
        <div style='text-align: right; color:red;cursor:pointer'>
        <a onfocus='this.blur();' onclick="document.getElementById('div_Et1.9').style.display = 'none' " >
           [x]</a>
        </div>
        <pre>
        
Et1.9: ImportError: Failed to import test module: testPowerSetPwrResetTime
Traceback (most recent call last):
  File "C:\Users\chengxue\AppData\Local\Programs\Python\Python36\lib\unittest\loader.py", line 428, in _find_test_path
    module = self._get_module_from_name(name)
  File "C:\Users\chengxue\AppData\Local\Programs\Python\Python36\lib\unittest\loader.py", line 369, in _get_module_from_name
    __import__(name)
  File "D:\Python3--script\DASInterfaceTest --unittest\testCase\testPowerSetPwrResetTime.py", line 3, in &lt;module&gt;
    import paramunittest
ModuleNotFoundError: No module named 'paramunittest'



        </pre>
    </div>
    <!--css div popup end-->
 
    </td>
    <td colspan='1' align='center'><a  href="javascript:void(0)" target="" class="loseeffect">picture_shot</a>
    </td>
    <td colspan='1' align='center'>
No Case Detail
</td>
</tr>

<tr id='Et1.10' class='none'>
    <td class='errorCase'><div class='testcase'>testPowerSetPwrRtStatusRptCyc</div></td>
    <td colspan='4' align='center'>
 
    <!--css div popup start-->
    <a class="popup_link" onfocus='this.blur();' href="javascript:showTestDetail('div_Et1.10')" >
        error</a>
 
    <div id='div_Et1.10' class="popup_window">
        <div style='text-align: right; color:red;cursor:pointer'>
        <a onfocus='this.blur();' onclick="document.getElementById('div_Et1.10').style.display = 'none' " >
           [x]</a>
        </div>
        <pre>
        
Et1.10: ImportError: Failed to import test module: testPowerSetPwrRtStatusRptCyc
Traceback (most recent call last):
  File "C:\Users\chengxue\AppData\Local\Programs\Python\Python36\lib\unittest\loader.py", line 428, in _find_test_path
    module = self._get_module_from_name(name)
  File "C:\Users\chengxue\AppData\Local\Programs\Python\Python36\lib\unittest\loader.py", line 369, in _get_module_from_name
    __import__(name)
  File "D:\Python3--script\DASInterfaceTest --unittest\testCase\testPowerSetPwrRtStatusRptCyc.py", line 3, in &lt;module&gt;
    import paramunittest
ModuleNotFoundError: No module named 'paramunittest'



        </pre>
    </div>
    <!--css div popup end-->
 
    </td>
    <td colspan='1' align='center'><a  href="javascript:void(0)" target="" class="loseeffect">picture_shot</a>
    </td>
    <td colspan='1' align='center'>
No Case Detail
</td>
</tr>

<tr id='Et1.11' class='none'>
    <td class='errorCase'><div class='testcase'>testPowerSetPwrTime</div></td>
    <td colspan='4' align='center'>
 
    <!--css div popup start-->
    <a class="popup_link" onfocus='this.blur();' href="javascript:showTestDetail('div_Et1.11')" >
        error</a>
 
    <div id='div_Et1.11' class="popup_window">
        <div style='text-align: right; color:red;cursor:pointer'>
        <a onfocus='this.blur();' onclick="document.getElementById('div_Et1.11').style.display = 'none' " >
           [x]</a>
        </div>
        <pre>
        
Et1.11: ImportError: Failed to import test module: testPowerSetPwrTime
Traceback (most recent call last):
  File "C:\Users\chengxue\AppData\Local\Programs\Python\Python36\lib\unittest\loader.py", line 428, in _find_test_path
    module = self._get_module_from_name(name)
  File "C:\Users\chengxue\AppData\Local\Programs\Python\Python36\lib\unittest\loader.py", line 369, in _get_module_from_name
    __import__(name)
  File "D:\Python3--script\DASInterfaceTest --unittest\testCase\testPowerSetPwrTime.py", line 3, in &lt;module&gt;
    import paramunittest
ModuleNotFoundError: No module named 'paramunittest'



        </pre>
    </div>
    <!--css div popup end-->
 
    </td>
    <td colspan='1' align='center'><a  href="javascript:void(0)" target="" class="loseeffect">picture_shot</a>
    </td>
    <td colspan='1' align='center'>
No Case Detail
</td>
</tr>

<tr id='Et1.12' class='none'>
    <td class='errorCase'><div class='testcase'>testScreenMaintainScrn</div></td>
    <td colspan='4' align='center'>
 
    <!--css div popup start-->
    <a class="popup_link" onfocus='this.blur();' href="javascript:showTestDetail('div_Et1.12')" >
        error</a>
 
    <div id='div_Et1.12' class="popup_window">
        <div style='text-align: right; color:red;cursor:pointer'>
        <a onfocus='this.blur();' onclick="document.getElementById('div_Et1.12').style.display = 'none' " >
           [x]</a>
        </div>
        <pre>
        
Et1.12: ImportError: Failed to import test module: testScreenMaintainScrn
Traceback (most recent call last):
  File "C:\Users\chengxue\AppData\Local\Programs\Python\Python36\lib\unittest\loader.py", line 428, in _find_test_path
    module = self._get_module_from_name(name)
  File "C:\Users\chengxue\AppData\Local\Programs\Python\Python36\lib\unittest\loader.py", line 369, in _get_module_from_name
    __import__(name)
  File "D:\Python3--script\DASInterfaceTest --unittest\testCase\testScreenMaintainScrn.py", line 3, in &lt;module&gt;
    import paramunittest
ModuleNotFoundError: No module named 'paramunittest'



        </pre>
    </div>
    <!--css div popup end-->
 
    </td>
    <td colspan='1' align='center'><a  href="javascript:void(0)" target="" class="loseeffect">picture_shot</a>
    </td>
    <td colspan='1' align='center'>
No Case Detail
</td>
</tr>

<tr id='Et1.13' class='none'>
    <td class='errorCase'><div class='testcase'>testScreenPcapScrn</div></td>
    <td colspan='4' align='center'>
 
    <!--css div popup start-->
    <a class="popup_link" onfocus='this.blur();' href="javascript:showTestDetail('div_Et1.13')" >
        error</a>
 
    <div id='div_Et1.13' class="popup_window">
        <div style='text-align: right; color:red;cursor:pointer'>
        <a onfocus='this.blur();' onclick="document.getElementById('div_Et1.13').style.display = 'none' " >
           [x]</a>
        </div>
        <pre>
        
Et1.13: ImportError: Failed to import test module: testScreenPcapScrn
Traceback (most recent call last):
  File "C:\Users\chengxue\AppData\Local\Programs\Python\Python36\lib\unittest\loader.py", line 428, in _find_test_path
    module = self._get_module_from_name(name)
  File "C:\Users\chengxue\AppData\Local\Programs\Python\Python36\lib\unittest\loader.py", line 369, in _get_module_from_name
    __import__(name)
  File "D:\Python3--script\DASInterfaceTest --unittest\testCase\testScreenPcapScrn.py", line 3, in &lt;module&gt;
    import paramunittest
ModuleNotFoundError: No module named 'paramunittest'



        </pre>
    </div>
    <!--css div popup end-->
 
    </td>
    <td colspan='1' align='center'><a  href="javascript:void(0)" target="" class="loseeffect">picture_shot</a>
    </td>
    <td colspan='1' align='center'>
No Case Detail
</td>
</tr>

<tr id='Et1.14' class='none'>
    <td class='errorCase'><div class='testcase'>testScreenSetScrnAlarm</div></td>
    <td colspan='4' align='center'>
 
    <!--css div popup start-->
    <a class="popup_link" onfocus='this.blur();' href="javascript:showTestDetail('div_Et1.14')" >
        error</a>
 
    <div id='div_Et1.14' class="popup_window">
        <div style='text-align: right; color:red;cursor:pointer'>
        <a onfocus='this.blur();' onclick="document.getElementById('div_Et1.14').style.display = 'none' " >
           [x]</a>
        </div>
        <pre>
        
Et1.14: ImportError: Failed to import test module: testScreenSetScrnAlarm
Traceback (most recent call last):
  File "C:\Users\chengxue\AppData\Local\Programs\Python\Python36\lib\unittest\loader.py", line 428, in _find_test_path
    module = self._get_module_from_name(name)
  File "C:\Users\chengxue\AppData\Local\Programs\Python\Python36\lib\unittest\loader.py", line 369, in _get_module_from_name
    __import__(name)
  File "D:\Python3--script\DASInterfaceTest --unittest\testCase\testScreenSetScrnAlarm.py", line 3, in &lt;module&gt;
    import paramunittest
ModuleNotFoundError: No module named 'paramunittest'



        </pre>
    </div>
    <!--css div popup end-->
 
    </td>
    <td colspan='1' align='center'><a  href="javascript:void(0)" target="" class="loseeffect">picture_shot</a>
    </td>
    <td colspan='1' align='center'>
No Case Detail
</td>
</tr>

<tr id='Et1.15' class='none'>
    <td class='errorCase'><div class='testcase'>testScreenSetScrnBoardcastConf</div></td>
    <td colspan='4' align='center'>
 
    <!--css div popup start-->
    <a class="popup_link" onfocus='this.blur();' href="javascript:showTestDetail('div_Et1.15')" >
        error</a>
 
    <div id='div_Et1.15' class="popup_window">
        <div style='text-align: right; color:red;cursor:pointer'>
        <a onfocus='this.blur();' onclick="document.getElementById('div_Et1.15').style.display = 'none' " >
           [x]</a>
        </div>
        <pre>
        
Et1.15: ImportError: Failed to import test module: testScreenSetScrnBoardcastConf
Traceback (most recent call last):
  File "C:\Users\chengxue\AppData\Local\Programs\Python\Python36\lib\unittest\loader.py", line 428, in _find_test_path
    module = self._get_module_from_name(name)
  File "C:\Users\chengxue\AppData\Local\Programs\Python\Python36\lib\unittest\loader.py", line 369, in _get_module_from_name
    __import__(name)
  File "D:\Python3--script\DASInterfaceTest --unittest\testCase\testScreenSetScrnBoardcastConf.py", line 3, in &lt;module&gt;
    import paramunittest
ModuleNotFoundError: No module named 'paramunittest'



        </pre>
    </div>
    <!--css div popup end-->
 
    </td>
    <td colspan='1' align='center'><a  href="javascript:void(0)" target="" class="loseeffect">picture_shot</a>
    </td>
    <td colspan='1' align='center'>
No Case Detail
</td>
</tr>

<tr id='Et1.16' class='none'>
    <td class='errorCase'><div class='testcase'>testScreenSetScrnEstAlarm</div></td>
    <td colspan='4' align='center'>
 
    <!--css div popup start-->
    <a class="popup_link" onfocus='this.blur();' href="javascript:showTestDetail('div_Et1.16')" >
        error</a>
 
    <div id='div_Et1.16' class="popup_window">
        <div style='text-align: right; color:red;cursor:pointer'>
        <a onfocus='this.blur();' onclick="document.getElementById('div_Et1.16').style.display = 'none' " >
           [x]</a>
        </div>
        <pre>
        
Et1.16: ImportError: Failed to import test module: testScreenSetScrnEstAlarm
Traceback (most recent call last):
  File "C:\Users\chengxue\AppData\Local\Programs\Python\Python36\lib\unittest\loader.py", line 428, in _find_test_path
    module = self._get_module_from_name(name)
  File "C:\Users\chengxue\AppData\Local\Programs\Python\Python36\lib\unittest\loader.py", line 369, in _get_module_from_name
    __import__(name)
  File "D:\Python3--script\DASInterfaceTest --unittest\testCase\testScreenSetScrnEstAlarm.py", line 3, in &lt;module&gt;
    import paramunittest
ModuleNotFoundError: No module named 'paramunittest'



        </pre>
    </div>
    <!--css div popup end-->
 
    </td>
    <td colspan='1' align='center'><a  href="javascript:void(0)" target="" class="loseeffect">picture_shot</a>
    </td>
    <td colspan='1' align='center'>
No Case Detail
</td>
</tr>

<tr id='Et1.17' class='none'>
    <td class='errorCase'><div class='testcase'>testScreenSetScrnFireCtrl</div></td>
    <td colspan='4' align='center'>
 
    <!--css div popup start-->
    <a class="popup_link" onfocus='this.blur();' href="javascript:showTestDetail('div_Et1.17')" >
        error</a>
 
    <div id='div_Et1.17' class="popup_window">
        <div style='text-align: right; color:red;cursor:pointer'>
        <a onfocus='this.blur();' onclick="document.getElementById('div_Et1.17').style.display = 'none' " >
           [x]</a>
        </div>
        <pre>
        
Et1.17: ImportError: Failed to import test module: testScreenSetScrnFireCtrl
Traceback (most recent call last):
  File "C:\Users\chengxue\AppData\Local\Programs\Python\Python36\lib\unittest\loader.py", line 428, in _find_test_path
    module = self._get_module_from_name(name)
  File "C:\Users\chengxue\AppData\Local\Programs\Python\Python36\lib\unittest\loader.py", line 369, in _get_module_from_name
    __import__(name)
  File "D:\Python3--script\DASInterfaceTest --unittest\testCase\testScreenSetScrnFireCtrl.py", line 3, in &lt;module&gt;
    import paramunittest
ModuleNotFoundError: No module named 'paramunittest'



        </pre>
    </div>
    <!--css div popup end-->
 
    </td>
    <td colspan='1' align='center'><a  href="javascript:void(0)" target="" class="loseeffect">picture_shot</a>
    </td>
    <td colspan='1' align='center'>
No Case Detail
</td>
</tr>

<tr id='Et1.18' class='none'>
    <td class='errorCase'><div class='testcase'>testScreenSetScrnLogo</div></td>
    <td colspan='4' align='center'>
 
    <!--css div popup start-->
    <a class="popup_link" onfocus='this.blur();' href="javascript:showTestDetail('div_Et1.18')" >
        error</a>
 
    <div id='div_Et1.18' class="popup_window">
        <div style='text-align: right; color:red;cursor:pointer'>
        <a onfocus='this.blur();' onclick="document.getElementById('div_Et1.18').style.display = 'none' " >
           [x]</a>
        </div>
        <pre>
        
Et1.18: ImportError: Failed to import test module: testScreenSetScrnLogo
Traceback (most recent call last):
  File "C:\Users\chengxue\AppData\Local\Programs\Python\Python36\lib\unittest\loader.py", line 428, in _find_test_path
    module = self._get_module_from_name(name)
  File "C:\Users\chengxue\AppData\Local\Programs\Python\Python36\lib\unittest\loader.py", line 369, in _get_module_from_name
    __import__(name)
  File "D:\Python3--script\DASInterfaceTest --unittest\testCase\testScreenSetScrnLogo.py", line 3, in &lt;module&gt;
    import paramunittest
ModuleNotFoundError: No module named 'paramunittest'



        </pre>
    </div>
    <!--css div popup end-->
 
    </td>
    <td colspan='1' align='center'><a  href="javascript:void(0)" target="" class="loseeffect">picture_shot</a>
    </td>
    <td colspan='1' align='center'>
No Case Detail
</td>
</tr>

<tr id='Et1.19' class='none'>
    <td class='errorCase'><div class='testcase'>testScreenSetScrnPlacateVideo</div></td>
    <td colspan='4' align='center'>
 
    <!--css div popup start-->
    <a class="popup_link" onfocus='this.blur();' href="javascript:showTestDetail('div_Et1.19')" >
        error</a>
 
    <div id='div_Et1.19' class="popup_window">
        <div style='text-align: right; color:red;cursor:pointer'>
        <a onfocus='this.blur();' onclick="document.getElementById('div_Et1.19').style.display = 'none' " >
           [x]</a>
        </div>
        <pre>
        
Et1.19: ImportError: Failed to import test module: testScreenSetScrnPlacateVideo
Traceback (most recent call last):
  File "C:\Users\chengxue\AppData\Local\Programs\Python\Python36\lib\unittest\loader.py", line 428, in _find_test_path
    module = self._get_module_from_name(name)
  File "C:\Users\chengxue\AppData\Local\Programs\Python\Python36\lib\unittest\loader.py", line 369, in _get_module_from_name
    __import__(name)
  File "D:\Python3--script\DASInterfaceTest --unittest\testCase\testScreenSetScrnPlacateVideo.py", line 3, in &lt;module&gt;
    import paramunittest
ModuleNotFoundError: No module named 'paramunittest'



        </pre>
    </div>
    <!--css div popup end-->
 
    </td>
    <td colspan='1' align='center'><a  href="javascript:void(0)" target="" class="loseeffect">picture_shot</a>
    </td>
    <td colspan='1' align='center'>
No Case Detail
</td>
</tr>

<tr id='Et1.20' class='none'>
    <td class='errorCase'><div class='testcase'>testScreenSetScrnSoundVolume</div></td>
    <td colspan='4' align='center'>
 
    <!--css div popup start-->
    <a class="popup_link" onfocus='this.blur();' href="javascript:showTestDetail('div_Et1.20')" >
        error</a>
 
    <div id='div_Et1.20' class="popup_window">
        <div style='text-align: right; color:red;cursor:pointer'>
        <a onfocus='this.blur();' onclick="document.getElementById('div_Et1.20').style.display = 'none' " >
           [x]</a>
        </div>
        <pre>
        
Et1.20: ImportError: Failed to import test module: testScreenSetScrnSoundVolume
Traceback (most recent call last):
  File "C:\Users\chengxue\AppData\Local\Programs\Python\Python36\lib\unittest\loader.py", line 428, in _find_test_path
    module = self._get_module_from_name(name)
  File "C:\Users\chengxue\AppData\Local\Programs\Python\Python36\lib\unittest\loader.py", line 369, in _get_module_from_name
    __import__(name)
  File "D:\Python3--script\DASInterfaceTest --unittest\testCase\testScreenSetScrnSoundVolume.py", line 3, in &lt;module&gt;
    import paramunittest
ModuleNotFoundError: No module named 'paramunittest'



        </pre>
    </div>
    <!--css div popup end-->
 
    </td>
    <td colspan='1' align='center'><a  href="javascript:void(0)" target="" class="loseeffect">picture_shot</a>
    </td>
    <td colspan='1' align='center'>
No Case Detail
</td>
</tr>

<tr id='Et1.21' class='none'>
    <td class='errorCase'><div class='testcase'>testScreenSetScrnSpeaker</div></td>
    <td colspan='4' align='center'>
 
    <!--css div popup start-->
    <a class="popup_link" onfocus='this.blur();' href="javascript:showTestDetail('div_Et1.21')" >
        error</a>
 
    <div id='div_Et1.21' class="popup_window">
        <div style='text-align: right; color:red;cursor:pointer'>
        <a onfocus='this.blur();' onclick="document.getElementById('div_Et1.21').style.display = 'none' " >
           [x]</a>
        </div>
        <pre>
        
Et1.21: ImportError: Failed to import test module: testScreenSetScrnSpeaker
Traceback (most recent call last):
  File "C:\Users\chengxue\AppData\Local\Programs\Python\Python36\lib\unittest\loader.py", line 428, in _find_test_path
    module = self._get_module_from_name(name)
  File "C:\Users\chengxue\AppData\Local\Programs\Python\Python36\lib\unittest\loader.py", line 369, in _get_module_from_name
    __import__(name)
  File "D:\Python3--script\DASInterfaceTest --unittest\testCase\testScreenSetScrnSpeaker.py", line 3, in &lt;module&gt;
    import paramunittest
ModuleNotFoundError: No module named 'paramunittest'



        </pre>
    </div>
    <!--css div popup end-->
 
    </td>
    <td colspan='1' align='center'><a  href="javascript:void(0)" target="" class="loseeffect">picture_shot</a>
    </td>
    <td colspan='1' align='center'>
No Case Detail
</td>
</tr>

<tr id='Et1.22' class='none'>
    <td class='errorCase'><div class='testcase'>testScreenSetScrnWaterPres</div></td>
    <td colspan='4' align='center'>
 
    <!--css div popup start-->
    <a class="popup_link" onfocus='this.blur();' href="javascript:showTestDetail('div_Et1.22')" >
        error</a>
 
    <div id='div_Et1.22' class="popup_window">
        <div style='text-align: right; color:red;cursor:pointer'>
        <a onfocus='this.blur();' onclick="document.getElementById('div_Et1.22').style.display = 'none' " >
           [x]</a>
        </div>
        <pre>
        
Et1.22: ImportError: Failed to import test module: testScreenSetScrnWaterPres
Traceback (most recent call last):
  File "C:\Users\chengxue\AppData\Local\Programs\Python\Python36\lib\unittest\loader.py", line 428, in _find_test_path
    module = self._get_module_from_name(name)
  File "C:\Users\chengxue\AppData\Local\Programs\Python\Python36\lib\unittest\loader.py", line 369, in _get_module_from_name
    __import__(name)
  File "D:\Python3--script\DASInterfaceTest --unittest\testCase\testScreenSetScrnWaterPres.py", line 3, in &lt;module&gt;
    import paramunittest
ModuleNotFoundError: No module named 'paramunittest'



        </pre>
    </div>
    <!--css div popup end-->
 
    </td>
    <td colspan='1' align='center'><a  href="javascript:void(0)" target="" class="loseeffect">picture_shot</a>
    </td>
    <td colspan='1' align='center'>
No Case Detail
</td>
</tr>

<tr id='Et1.23' class='none'>
    <td class='errorCase'><div class='testcase'>testScreenSetScrnWifi</div></td>
    <td colspan='4' align='center'>
 
    <!--css div popup start-->
    <a class="popup_link" onfocus='this.blur();' href="javascript:showTestDetail('div_Et1.23')" >
        error</a>
 
    <div id='div_Et1.23' class="popup_window">
        <div style='text-align: right; color:red;cursor:pointer'>
        <a onfocus='this.blur();' onclick="document.getElementById('div_Et1.23').style.display = 'none' " >
           [x]</a>
        </div>
        <pre>
        
Et1.23: ImportError: Failed to import test module: testScreenSetScrnWifi
Traceback (most recent call last):
  File "C:\Users\chengxue\AppData\Local\Programs\Python\Python36\lib\unittest\loader.py", line 428, in _find_test_path
    module = self._get_module_from_name(name)
  File "C:\Users\chengxue\AppData\Local\Programs\Python\Python36\lib\unittest\loader.py", line 369, in _get_module_from_name
    __import__(name)
  File "D:\Python3--script\DASInterfaceTest --unittest\testCase\testScreenSetScrnWifi.py", line 3, in &lt;module&gt;
    import paramunittest
ModuleNotFoundError: No module named 'paramunittest'



        </pre>
    </div>
    <!--css div popup end-->
 
    </td>
    <td colspan='1' align='center'><a  href="javascript:void(0)" target="" class="loseeffect">picture_shot</a>
    </td>
    <td colspan='1' align='center'>
No Case Detail
</td>
</tr>

<tr id='Et1.24' class='none'>
    <td class='errorCase'><div class='testcase'>testScreenUpdateScrnPlaybill</div></td>
    <td colspan='4' align='center'>
 
    <!--css div popup start-->
    <a class="popup_link" onfocus='this.blur();' href="javascript:showTestDetail('div_Et1.24')" >
        error</a>
 
    <div id='div_Et1.24' class="popup_window">
        <div style='text-align: right; color:red;cursor:pointer'>
        <a onfocus='this.blur();' onclick="document.getElementById('div_Et1.24').style.display = 'none' " >
           [x]</a>
        </div>
        <pre>
        
Et1.24: ImportError: Failed to import test module: testScreenUpdateScrnPlaybill
Traceback (most recent call last):
  File "C:\Users\chengxue\AppData\Local\Programs\Python\Python36\lib\unittest\loader.py", line 428, in _find_test_path
    module = self._get_module_from_name(name)
  File "C:\Users\chengxue\AppData\Local\Programs\Python\Python36\lib\unittest\loader.py", line 369, in _get_module_from_name
    __import__(name)
  File "D:\Python3--script\DASInterfaceTest --unittest\testCase\testScreenUpdateScrnPlaybill.py", line 3, in &lt;module&gt;
    import paramunittest
ModuleNotFoundError: No module named 'paramunittest'



        </pre>
    </div>
    <!--css div popup end-->
 
    </td>
    <td colspan='1' align='center'><a  href="javascript:void(0)" target="" class="loseeffect">picture_shot</a>
    </td>
    <td colspan='1' align='center'>
No Case Detail
</td>
</tr>

<tr id='Et1.25' class='none'>
    <td class='errorCase'><div class='testcase'>testScreenUpgradeScrn</div></td>
    <td colspan='4' align='center'>
 
    <!--css div popup start-->
    <a class="popup_link" onfocus='this.blur();' href="javascript:showTestDetail('div_Et1.25')" >
        error</a>
 
    <div id='div_Et1.25' class="popup_window">
        <div style='text-align: right; color:red;cursor:pointer'>
        <a onfocus='this.blur();' onclick="document.getElementById('div_Et1.25').style.display = 'none' " >
           [x]</a>
        </div>
        <pre>
        
Et1.25: ImportError: Failed to import test module: testScreenUpgradeScrn
Traceback (most recent call last):
  File "C:\Users\chengxue\AppData\Local\Programs\Python\Python36\lib\unittest\loader.py", line 428, in _find_test_path
    module = self._get_module_from_name(name)
  File "C:\Users\chengxue\AppData\Local\Programs\Python\Python36\lib\unittest\loader.py", line 369, in _get_module_from_name
    __import__(name)
  File "D:\Python3--script\DASInterfaceTest --unittest\testCase\testScreenUpgradeScrn.py", line 3, in &lt;module&gt;
    import paramunittest
ModuleNotFoundError: No module named 'paramunittest'



        </pre>
    </div>
    <!--css div popup end-->
 
    </td>
    <td colspan='1' align='center'><a  href="javascript:void(0)" target="" class="loseeffect">picture_shot</a>
    </td>
    <td colspan='1' align='center'>
No Case Detail
</td>
</tr>

<tr id='Et1.26' class='none'>
    <td class='errorCase'><div class='testcase'>testSignalSetSigRtStatusRptCyc</div></td>
    <td colspan='4' align='center'>
 
    <!--css div popup start-->
    <a class="popup_link" onfocus='this.blur();' href="javascript:showTestDetail('div_Et1.26')" >
        error</a>
 
    <div id='div_Et1.26' class="popup_window">
        <div style='text-align: right; color:red;cursor:pointer'>
        <a onfocus='this.blur();' onclick="document.getElementById('div_Et1.26').style.display = 'none' " >
           [x]</a>
        </div>
        <pre>
        
Et1.26: ImportError: Failed to import test module: testSignalSetSigRtStatusRptCyc
Traceback (most recent call last):
  File "C:\Users\chengxue\AppData\Local\Programs\Python\Python36\lib\unittest\loader.py", line 428, in _find_test_path
    module = self._get_module_from_name(name)
  File "C:\Users\chengxue\AppData\Local\Programs\Python\Python36\lib\unittest\loader.py", line 369, in _get_module_from_name
    __import__(name)
  File "D:\Python3--script\DASInterfaceTest --unittest\testCase\testSignalSetSigRtStatusRptCyc.py", line 3, in &lt;module&gt;
    import paramunittest
ModuleNotFoundError: No module named 'paramunittest'



        </pre>
    </div>
    <!--css div popup end-->
 
    </td>
    <td colspan='1' align='center'><a  href="javascript:void(0)" target="" class="loseeffect">picture_shot</a>
    </td>
    <td colspan='1' align='center'>
No Case Detail
</td>
</tr>

<tr id='Et1.27' class='none'>
    <td class='errorCase'><div class='testcase'>testSignalCtrlSigElev</div></td>
    <td colspan='4' align='center'>
 
    <!--css div popup start-->
    <a class="popup_link" onfocus='this.blur();' href="javascript:showTestDetail('div_Et1.27')" >
        error</a>
 
    <div id='div_Et1.27' class="popup_window">
        <div style='text-align: right; color:red;cursor:pointer'>
        <a onfocus='this.blur();' onclick="document.getElementById('div_Et1.27').style.display = 'none' " >
           [x]</a>
        </div>
        <pre>
        
Et1.27: ImportError: Failed to import test module: testSignalCtrlSigElev
Traceback (most recent call last):
  File "C:\Users\chengxue\AppData\Local\Programs\Python\Python36\lib\unittest\loader.py", line 428, in _find_test_path
    module = self._get_module_from_name(name)
  File "C:\Users\chengxue\AppData\Local\Programs\Python\Python36\lib\unittest\loader.py", line 369, in _get_module_from_name
    __import__(name)
  File "D:\Python3--script\DASInterfaceTest --unittest\testCase\testSignalCtrlSigElev.py", line 3, in &lt;module&gt;
    import paramunittest
ModuleNotFoundError: No module named 'paramunittest'



        </pre>
    </div>
    <!--css div popup end-->
 
    </td>
    <td colspan='1' align='center'><a  href="javascript:void(0)" target="" class="loseeffect">picture_shot</a>
    </td>
    <td colspan='1' align='center'>
No Case Detail
</td>
</tr>

<tr id='Et1.28' class='none'>
    <td class='errorCase'><div class='testcase'>testSignalCtrlSigRs232</div></td>
    <td colspan='4' align='center'>
 
    <!--css div popup start-->
    <a class="popup_link" onfocus='this.blur();' href="javascript:showTestDetail('div_Et1.28')" >
        error</a>
 
    <div id='div_Et1.28' class="popup_window">
        <div style='text-align: right; color:red;cursor:pointer'>
        <a onfocus='this.blur();' onclick="document.getElementById('div_Et1.28').style.display = 'none' " >
           [x]</a>
        </div>
        <pre>
        
Et1.28: ImportError: Failed to import test module: testSignalCtrlSigRs232
Traceback (most recent call last):
  File "C:\Users\chengxue\AppData\Local\Programs\Python\Python36\lib\unittest\loader.py", line 428, in _find_test_path
    module = self._get_module_from_name(name)
  File "C:\Users\chengxue\AppData\Local\Programs\Python\Python36\lib\unittest\loader.py", line 369, in _get_module_from_name
    __import__(name)
  File "D:\Python3--script\DASInterfaceTest --unittest\testCase\testSignalCtrlSigRs232.py", line 3, in &lt;module&gt;
    import paramunittest
ModuleNotFoundError: No module named 'paramunittest'



        </pre>
    </div>
    <!--css div popup end-->
 
    </td>
    <td colspan='1' align='center'><a  href="javascript:void(0)" target="" class="loseeffect">picture_shot</a>
    </td>
    <td colspan='1' align='center'>
No Case Detail
</td>
</tr>

<tr id='Et1.29' class='none'>
    <td class='errorCase'><div class='testcase'>testSignalCtrlSigRs485</div></td>
    <td colspan='4' align='center'>
 
    <!--css div popup start-->
    <a class="popup_link" onfocus='this.blur();' href="javascript:showTestDetail('div_Et1.29')" >
        error</a>
 
    <div id='div_Et1.29' class="popup_window">
        <div style='text-align: right; color:red;cursor:pointer'>
        <a onfocus='this.blur();' onclick="document.getElementById('div_Et1.29').style.display = 'none' " >
           [x]</a>
        </div>
        <pre>
        
Et1.29: ImportError: Failed to import test module: testSignalCtrlSigRs485
Traceback (most recent call last):
  File "C:\Users\chengxue\AppData\Local\Programs\Python\Python36\lib\unittest\loader.py", line 428, in _find_test_path
    module = self._get_module_from_name(name)
  File "C:\Users\chengxue\AppData\Local\Programs\Python\Python36\lib\unittest\loader.py", line 369, in _get_module_from_name
    __import__(name)
  File "D:\Python3--script\DASInterfaceTest --unittest\testCase\testSignalCtrlSigRs485.py", line 3, in &lt;module&gt;
    import paramunittest
ModuleNotFoundError: No module named 'paramunittest'



        </pre>
    </div>
    <!--css div popup end-->
 
    </td>
    <td colspan='1' align='center'><a  href="javascript:void(0)" target="" class="loseeffect">picture_shot</a>
    </td>
    <td colspan='1' align='center'>
No Case Detail
</td>
</tr>

<tr id='Et1.30' class='none'>
    <td class='errorCase'><div class='testcase'>testSignalGetSigAI1Alarm</div></td>
    <td colspan='4' align='center'>
 
    <!--css div popup start-->
    <a class="popup_link" onfocus='this.blur();' href="javascript:showTestDetail('div_Et1.30')" >
        error</a>
 
    <div id='div_Et1.30' class="popup_window">
        <div style='text-align: right; color:red;cursor:pointer'>
        <a onfocus='this.blur();' onclick="document.getElementById('div_Et1.30').style.display = 'none' " >
           [x]</a>
        </div>
        <pre>
        
Et1.30: ImportError: Failed to import test module: testSignalGetSigAI1Alarm
Traceback (most recent call last):
  File "C:\Users\chengxue\AppData\Local\Programs\Python\Python36\lib\unittest\loader.py", line 428, in _find_test_path
    module = self._get_module_from_name(name)
  File "C:\Users\chengxue\AppData\Local\Programs\Python\Python36\lib\unittest\loader.py", line 369, in _get_module_from_name
    __import__(name)
  File "D:\Python3--script\DASInterfaceTest --unittest\testCase\testSignalGetSigAI1Alarm.py", line 3, in &lt;module&gt;
    import paramunittest
ModuleNotFoundError: No module named 'paramunittest'



        </pre>
    </div>
    <!--css div popup end-->
 
    </td>
    <td colspan='1' align='center'><a  href="javascript:void(0)" target="" class="loseeffect">picture_shot</a>
    </td>
    <td colspan='1' align='center'>
No Case Detail
</td>
</tr>

<tr id='Et1.31' class='none'>
    <td class='errorCase'><div class='testcase'>testSignalgetSigCalibFloor</div></td>
    <td colspan='4' align='center'>
 
    <!--css div popup start-->
    <a class="popup_link" onfocus='this.blur();' href="javascript:showTestDetail('div_Et1.31')" >
        error</a>
 
    <div id='div_Et1.31' class="popup_window">
        <div style='text-align: right; color:red;cursor:pointer'>
        <a onfocus='this.blur();' onclick="document.getElementById('div_Et1.31').style.display = 'none' " >
           [x]</a>
        </div>
        <pre>
        
Et1.31: ImportError: Failed to import test module: testSignalgetSigCalibFloor
Traceback (most recent call last):
  File "C:\Users\chengxue\AppData\Local\Programs\Python\Python36\lib\unittest\loader.py", line 428, in _find_test_path
    module = self._get_module_from_name(name)
  File "C:\Users\chengxue\AppData\Local\Programs\Python\Python36\lib\unittest\loader.py", line 369, in _get_module_from_name
    __import__(name)
  File "D:\Python3--script\DASInterfaceTest --unittest\testCase\testSignalgetSigCalibFloor.py", line 3, in &lt;module&gt;
    import paramunittest
ModuleNotFoundError: No module named 'paramunittest'



        </pre>
    </div>
    <!--css div popup end-->
 
    </td>
    <td colspan='1' align='center'><a  href="javascript:void(0)" target="" class="loseeffect">picture_shot</a>
    </td>
    <td colspan='1' align='center'>
No Case Detail
</td>
</tr>

<tr id='Et1.32' class='none'>
    <td class='errorCase'><div class='testcase'>testSignalgetSigCalibTemp</div></td>
    <td colspan='4' align='center'>
 
    <!--css div popup start-->
    <a class="popup_link" onfocus='this.blur();' href="javascript:showTestDetail('div_Et1.32')" >
        error</a>
 
    <div id='div_Et1.32' class="popup_window">
        <div style='text-align: right; color:red;cursor:pointer'>
        <a onfocus='this.blur();' onclick="document.getElementById('div_Et1.32').style.display = 'none' " >
           [x]</a>
        </div>
        <pre>
        
Et1.32: ImportError: Failed to import test module: testSignalgetSigCalibTemp
Traceback (most recent call last):
  File "C:\Users\chengxue\AppData\Local\Programs\Python\Python36\lib\unittest\loader.py", line 428, in _find_test_path
    module = self._get_module_from_name(name)
  File "C:\Users\chengxue\AppData\Local\Programs\Python\Python36\lib\unittest\loader.py", line 369, in _get_module_from_name
    __import__(name)
  File "D:\Python3--script\DASInterfaceTest --unittest\testCase\testSignalgetSigCalibTemp.py", line 3, in &lt;module&gt;
    import paramunittest
ModuleNotFoundError: No module named 'paramunittest'



        </pre>
    </div>
    <!--css div popup end-->
 
    </td>
    <td colspan='1' align='center'><a  href="javascript:void(0)" target="" class="loseeffect">picture_shot</a>
    </td>
    <td colspan='1' align='center'>
No Case Detail
</td>
</tr>

<tr id='Et1.33' class='none'>
    <td class='errorCase'><div class='testcase'>testSignalGetSigDevInfo</div></td>
    <td colspan='4' align='center'>
 
    <!--css div popup start-->
    <a class="popup_link" onfocus='this.blur();' href="javascript:showTestDetail('div_Et1.33')" >
        error</a>
 
    <div id='div_Et1.33' class="popup_window">
        <div style='text-align: right; color:red;cursor:pointer'>
        <a onfocus='this.blur();' onclick="document.getElementById('div_Et1.33').style.display = 'none' " >
           [x]</a>
        </div>
        <pre>
        
Et1.33: ImportError: Failed to import test module: testSignalGetSigDevInfo
Traceback (most recent call last):
  File "C:\Users\chengxue\AppData\Local\Programs\Python\Python36\lib\unittest\loader.py", line 428, in _find_test_path
    module = self._get_module_from_name(name)
  File "C:\Users\chengxue\AppData\Local\Programs\Python\Python36\lib\unittest\loader.py", line 369, in _get_module_from_name
    __import__(name)
  File "D:\Python3--script\DASInterfaceTest --unittest\testCase\testSignalGetSigDevInfo.py", line 3, in &lt;module&gt;
    import paramunittest
ModuleNotFoundError: No module named 'paramunittest'



        </pre>
    </div>
    <!--css div popup end-->
 
    </td>
    <td colspan='1' align='center'><a  href="javascript:void(0)" target="" class="loseeffect">picture_shot</a>
    </td>
    <td colspan='1' align='center'>
No Case Detail
</td>
</tr>

<tr id='Et1.34' class='none'>
    <td class='errorCase'><div class='testcase'>testSignalGetSigDevType</div></td>
    <td colspan='4' align='center'>
 
    <!--css div popup start-->
    <a class="popup_link" onfocus='this.blur();' href="javascript:showTestDetail('div_Et1.34')" >
        error</a>
 
    <div id='div_Et1.34' class="popup_window">
        <div style='text-align: right; color:red;cursor:pointer'>
        <a onfocus='this.blur();' onclick="document.getElementById('div_Et1.34').style.display = 'none' " >
           [x]</a>
        </div>
        <pre>
        
Et1.34: ImportError: Failed to import test module: testSignalGetSigDevType
Traceback (most recent call last):
  File "C:\Users\chengxue\AppData\Local\Programs\Python\Python36\lib\unittest\loader.py", line 428, in _find_test_path
    module = self._get_module_from_name(name)
  File "C:\Users\chengxue\AppData\Local\Programs\Python\Python36\lib\unittest\loader.py", line 369, in _get_module_from_name
    __import__(name)
  File "D:\Python3--script\DASInterfaceTest --unittest\testCase\testSignalGetSigDevType.py", line 3, in &lt;module&gt;
    import paramunittest
ModuleNotFoundError: No module named 'paramunittest'



        </pre>
    </div>
    <!--css div popup end-->
 
    </td>
    <td colspan='1' align='center'><a  href="javascript:void(0)" target="" class="loseeffect">picture_shot</a>
    </td>
    <td colspan='1' align='center'>
No Case Detail
</td>
</tr>

<tr id='Et1.35' class='none'>
    <td class='errorCase'><div class='testcase'>testSignalGetSigFloorCalcComp</div></td>
    <td colspan='4' align='center'>
 
    <!--css div popup start-->
    <a class="popup_link" onfocus='this.blur();' href="javascript:showTestDetail('div_Et1.35')" >
        error</a>
 
    <div id='div_Et1.35' class="popup_window">
        <div style='text-align: right; color:red;cursor:pointer'>
        <a onfocus='this.blur();' onclick="document.getElementById('div_Et1.35').style.display = 'none' " >
           [x]</a>
        </div>
        <pre>
        
Et1.35: ImportError: Failed to import test module: testSignalGetSigFloorCalcComp
Traceback (most recent call last):
  File "C:\Users\chengxue\AppData\Local\Programs\Python\Python36\lib\unittest\loader.py", line 428, in _find_test_path
    module = self._get_module_from_name(name)
  File "C:\Users\chengxue\AppData\Local\Programs\Python\Python36\lib\unittest\loader.py", line 369, in _get_module_from_name
    __import__(name)
  File "D:\Python3--script\DASInterfaceTest --unittest\testCase\testSignalGetSigFloorCalcComp.py", line 3, in &lt;module&gt;
    import paramunittest
ModuleNotFoundError: No module named 'paramunittest'



        </pre>
    </div>
    <!--css div popup end-->
 
    </td>
    <td colspan='1' align='center'><a  href="javascript:void(0)" target="" class="loseeffect">picture_shot</a>
    </td>
    <td colspan='1' align='center'>
No Case Detail
</td>
</tr>

<tr id='Et1.36' class='none'>
    <td class='errorCase'><div class='testcase'>testSignalGetSigIOParam</div></td>
    <td colspan='4' align='center'>
 
    <!--css div popup start-->
    <a class="popup_link" onfocus='this.blur();' href="javascript:showTestDetail('div_Et1.36')" >
        error</a>
 
    <div id='div_Et1.36' class="popup_window">
        <div style='text-align: right; color:red;cursor:pointer'>
        <a onfocus='this.blur();' onclick="document.getElementById('div_Et1.36').style.display = 'none' " >
           [x]</a>
        </div>
        <pre>
        
Et1.36: ImportError: Failed to import test module: testSignalGetSigIOParam
Traceback (most recent call last):
  File "C:\Users\chengxue\AppData\Local\Programs\Python\Python36\lib\unittest\loader.py", line 428, in _find_test_path
    module = self._get_module_from_name(name)
  File "C:\Users\chengxue\AppData\Local\Programs\Python\Python36\lib\unittest\loader.py", line 369, in _get_module_from_name
    __import__(name)
  File "D:\Python3--script\DASInterfaceTest --unittest\testCase\testSignalGetSigIOParam.py", line 3, in &lt;module&gt;
    import paramunittest
ModuleNotFoundError: No module named 'paramunittest'



        </pre>
    </div>
    <!--css div popup end-->
 
    </td>
    <td colspan='1' align='center'><a  href="javascript:void(0)" target="" class="loseeffect">picture_shot</a>
    </td>
    <td colspan='1' align='center'>
No Case Detail
</td>
</tr>

<tr id='Et1.37' class='none'>
    <td class='errorCase'><div class='testcase'>testSignalGetSigLevelInfoV1</div></td>
    <td colspan='4' align='center'>
 
    <!--css div popup start-->
    <a class="popup_link" onfocus='this.blur();' href="javascript:showTestDetail('div_Et1.37')" >
        error</a>
 
    <div id='div_Et1.37' class="popup_window">
        <div style='text-align: right; color:red;cursor:pointer'>
        <a onfocus='this.blur();' onclick="document.getElementById('div_Et1.37').style.display = 'none' " >
           [x]</a>
        </div>
        <pre>
        
Et1.37: ImportError: Failed to import test module: testSignalGetSigLevelInfoV1
Traceback (most recent call last):
  File "C:\Users\chengxue\AppData\Local\Programs\Python\Python36\lib\unittest\loader.py", line 428, in _find_test_path
    module = self._get_module_from_name(name)
  File "C:\Users\chengxue\AppData\Local\Programs\Python\Python36\lib\unittest\loader.py", line 369, in _get_module_from_name
    __import__(name)
  File "D:\Python3--script\DASInterfaceTest --unittest\testCase\testSignalGetSigLevelInfoV1.py", line 3, in &lt;module&gt;
    import paramunittest
ModuleNotFoundError: No module named 'paramunittest'



        </pre>
    </div>
    <!--css div popup end-->
 
    </td>
    <td colspan='1' align='center'><a  href="javascript:void(0)" target="" class="loseeffect">picture_shot</a>
    </td>
    <td colspan='1' align='center'>
No Case Detail
</td>
</tr>

<tr id='Et1.38' class='none'>
    <td class='errorCase'><div class='testcase'>testSignalGetSigLevelInfoV2</div></td>
    <td colspan='4' align='center'>
 
    <!--css div popup start-->
    <a class="popup_link" onfocus='this.blur();' href="javascript:showTestDetail('div_Et1.38')" >
        error</a>
 
    <div id='div_Et1.38' class="popup_window">
        <div style='text-align: right; color:red;cursor:pointer'>
        <a onfocus='this.blur();' onclick="document.getElementById('div_Et1.38').style.display = 'none' " >
           [x]</a>
        </div>
        <pre>
        
Et1.38: ImportError: Failed to import test module: testSignalGetSigLevelInfoV2
Traceback (most recent call last):
  File "C:\Users\chengxue\AppData\Local\Programs\Python\Python36\lib\unittest\loader.py", line 428, in _find_test_path
    module = self._get_module_from_name(name)
  File "C:\Users\chengxue\AppData\Local\Programs\Python\Python36\lib\unittest\loader.py", line 369, in _get_module_from_name
    __import__(name)
  File "D:\Python3--script\DASInterfaceTest --unittest\testCase\testSignalGetSigLevelInfoV2.py", line 3, in &lt;module&gt;
    import paramunittest
ModuleNotFoundError: No module named 'paramunittest'



        </pre>
    </div>
    <!--css div popup end-->
 
    </td>
    <td colspan='1' align='center'><a  href="javascript:void(0)" target="" class="loseeffect">picture_shot</a>
    </td>
    <td colspan='1' align='center'>
No Case Detail
</td>
</tr>

<tr id='Et1.39' class='none'>
    <td class='errorCase'><div class='testcase'>testSignalGetSigLog</div></td>
    <td colspan='4' align='center'>
 
    <!--css div popup start-->
    <a class="popup_link" onfocus='this.blur();' href="javascript:showTestDetail('div_Et1.39')" >
        error</a>
 
    <div id='div_Et1.39' class="popup_window">
        <div style='text-align: right; color:red;cursor:pointer'>
        <a onfocus='this.blur();' onclick="document.getElementById('div_Et1.39').style.display = 'none' " >
           [x]</a>
        </div>
        <pre>
        
Et1.39: ImportError: Failed to import test module: testSignalGetSigLog
Traceback (most recent call last):
  File "C:\Users\chengxue\AppData\Local\Programs\Python\Python36\lib\unittest\loader.py", line 428, in _find_test_path
    module = self._get_module_from_name(name)
  File "C:\Users\chengxue\AppData\Local\Programs\Python\Python36\lib\unittest\loader.py", line 369, in _get_module_from_name
    __import__(name)
  File "D:\Python3--script\DASInterfaceTest --unittest\testCase\testSignalGetSigLog.py", line 3, in &lt;module&gt;
    import paramunittest
ModuleNotFoundError: No module named 'paramunittest'



        </pre>
    </div>
    <!--css div popup end-->
 
    </td>
    <td colspan='1' align='center'><a  href="javascript:void(0)" target="" class="loseeffect">picture_shot</a>
    </td>
    <td colspan='1' align='center'>
No Case Detail
</td>
</tr>

<tr id='Et1.40' class='none'>
    <td class='errorCase'><div class='testcase'>testSignalGetSigPhototube</div></td>
    <td colspan='4' align='center'>
 
    <!--css div popup start-->
    <a class="popup_link" onfocus='this.blur();' href="javascript:showTestDetail('div_Et1.40')" >
        error</a>
 
    <div id='div_Et1.40' class="popup_window">
        <div style='text-align: right; color:red;cursor:pointer'>
        <a onfocus='this.blur();' onclick="document.getElementById('div_Et1.40').style.display = 'none' " >
           [x]</a>
        </div>
        <pre>
        
Et1.40: ImportError: Failed to import test module: testSignalGetSigPhototube
Traceback (most recent call last):
  File "C:\Users\chengxue\AppData\Local\Programs\Python\Python36\lib\unittest\loader.py", line 428, in _find_test_path
    module = self._get_module_from_name(name)
  File "C:\Users\chengxue\AppData\Local\Programs\Python\Python36\lib\unittest\loader.py", line 369, in _get_module_from_name
    __import__(name)
  File "D:\Python3--script\DASInterfaceTest --unittest\testCase\testSignalGetSigPhototube.py", line 3, in &lt;module&gt;
    import paramunittest
ModuleNotFoundError: No module named 'paramunittest'



        </pre>
    </div>
    <!--css div popup end-->
 
    </td>
    <td colspan='1' align='center'><a  href="javascript:void(0)" target="" class="loseeffect">picture_shot</a>
    </td>
    <td colspan='1' align='center'>
No Case Detail
</td>
</tr>

<tr id='Et1.41' class='none'>
    <td class='errorCase'><div class='testcase'>testSignalGetSigRs232Data</div></td>
    <td colspan='4' align='center'>
 
    <!--css div popup start-->
    <a class="popup_link" onfocus='this.blur();' href="javascript:showTestDetail('div_Et1.41')" >
        error</a>
 
    <div id='div_Et1.41' class="popup_window">
        <div style='text-align: right; color:red;cursor:pointer'>
        <a onfocus='this.blur();' onclick="document.getElementById('div_Et1.41').style.display = 'none' " >
           [x]</a>
        </div>
        <pre>
        
Et1.41: ImportError: Failed to import test module: testSignalGetSigRs232Data
Traceback (most recent call last):
  File "C:\Users\chengxue\AppData\Local\Programs\Python\Python36\lib\unittest\loader.py", line 428, in _find_test_path
    module = self._get_module_from_name(name)
  File "C:\Users\chengxue\AppData\Local\Programs\Python\Python36\lib\unittest\loader.py", line 369, in _get_module_from_name
    __import__(name)
  File "D:\Python3--script\DASInterfaceTest --unittest\testCase\testSignalGetSigRs232Data.py", line 3, in &lt;module&gt;
    import paramunittest
ModuleNotFoundError: No module named 'paramunittest'



        </pre>
    </div>
    <!--css div popup end-->
 
    </td>
    <td colspan='1' align='center'><a  href="javascript:void(0)" target="" class="loseeffect">picture_shot</a>
    </td>
    <td colspan='1' align='center'>
No Case Detail
</td>
</tr>

<tr id='Et1.42' class='none'>
    <td class='errorCase'><div class='testcase'>testSignalGetSigRs232Param</div></td>
    <td colspan='4' align='center'>
 
    <!--css div popup start-->
    <a class="popup_link" onfocus='this.blur();' href="javascript:showTestDetail('div_Et1.42')" >
        error</a>
 
    <div id='div_Et1.42' class="popup_window">
        <div style='text-align: right; color:red;cursor:pointer'>
        <a onfocus='this.blur();' onclick="document.getElementById('div_Et1.42').style.display = 'none' " >
           [x]</a>
        </div>
        <pre>
        
Et1.42: ImportError: Failed to import test module: testSignalGetSigRs232Param
Traceback (most recent call last):
  File "C:\Users\chengxue\AppData\Local\Programs\Python\Python36\lib\unittest\loader.py", line 428, in _find_test_path
    module = self._get_module_from_name(name)
  File "C:\Users\chengxue\AppData\Local\Programs\Python\Python36\lib\unittest\loader.py", line 369, in _get_module_from_name
    __import__(name)
  File "D:\Python3--script\DASInterfaceTest --unittest\testCase\testSignalGetSigRs232Param.py", line 3, in &lt;module&gt;
    import paramunittest
ModuleNotFoundError: No module named 'paramunittest'



        </pre>
    </div>
    <!--css div popup end-->
 
    </td>
    <td colspan='1' align='center'><a  href="javascript:void(0)" target="" class="loseeffect">picture_shot</a>
    </td>
    <td colspan='1' align='center'>
No Case Detail
</td>
</tr>

<tr id='Et1.43' class='none'>
    <td class='errorCase'><div class='testcase'>testSignalGetSigRs485Data</div></td>
    <td colspan='4' align='center'>
 
    <!--css div popup start-->
    <a class="popup_link" onfocus='this.blur();' href="javascript:showTestDetail('div_Et1.43')" >
        error</a>
 
    <div id='div_Et1.43' class="popup_window">
        <div style='text-align: right; color:red;cursor:pointer'>
        <a onfocus='this.blur();' onclick="document.getElementById('div_Et1.43').style.display = 'none' " >
           [x]</a>
        </div>
        <pre>
        
Et1.43: ImportError: Failed to import test module: testSignalGetSigRs485Data
Traceback (most recent call last):
  File "C:\Users\chengxue\AppData\Local\Programs\Python\Python36\lib\unittest\loader.py", line 428, in _find_test_path
    module = self._get_module_from_name(name)
  File "C:\Users\chengxue\AppData\Local\Programs\Python\Python36\lib\unittest\loader.py", line 369, in _get_module_from_name
    __import__(name)
  File "D:\Python3--script\DASInterfaceTest --unittest\testCase\testSignalGetSigRs485Data.py", line 3, in &lt;module&gt;
    import paramunittest
ModuleNotFoundError: No module named 'paramunittest'



        </pre>
    </div>
    <!--css div popup end-->
 
    </td>
    <td colspan='1' align='center'><a  href="javascript:void(0)" target="" class="loseeffect">picture_shot</a>
    </td>
    <td colspan='1' align='center'>
No Case Detail
</td>
</tr>

<tr id='Et1.44' class='none'>
    <td class='errorCase'><div class='testcase'>testSignalGetSigRs485Param</div></td>
    <td colspan='4' align='center'>
 
    <!--css div popup start-->
    <a class="popup_link" onfocus='this.blur();' href="javascript:showTestDetail('div_Et1.44')" >
        error</a>
 
    <div id='div_Et1.44' class="popup_window">
        <div style='text-align: right; color:red;cursor:pointer'>
        <a onfocus='this.blur();' onclick="document.getElementById('div_Et1.44').style.display = 'none' " >
           [x]</a>
        </div>
        <pre>
        
Et1.44: ImportError: Failed to import test module: testSignalGetSigRs485Param
Traceback (most recent call last):
  File "C:\Users\chengxue\AppData\Local\Programs\Python\Python36\lib\unittest\loader.py", line 428, in _find_test_path
    module = self._get_module_from_name(name)
  File "C:\Users\chengxue\AppData\Local\Programs\Python\Python36\lib\unittest\loader.py", line 369, in _get_module_from_name
    __import__(name)
  File "D:\Python3--script\DASInterfaceTest --unittest\testCase\testSignalGetSigRs485Param.py", line 3, in &lt;module&gt;
    import paramunittest
ModuleNotFoundError: No module named 'paramunittest'



        </pre>
    </div>
    <!--css div popup end-->
 
    </td>
    <td colspan='1' align='center'><a  href="javascript:void(0)" target="" class="loseeffect">picture_shot</a>
    </td>
    <td colspan='1' align='center'>
No Case Detail
</td>
</tr>

<tr id='Et1.45' class='none'>
    <td class='errorCase'><div class='testcase'>testSignalGetSigTime</div></td>
    <td colspan='4' align='center'>
 
    <!--css div popup start-->
    <a class="popup_link" onfocus='this.blur();' href="javascript:showTestDetail('div_Et1.45')" >
        error</a>
 
    <div id='div_Et1.45' class="popup_window">
        <div style='text-align: right; color:red;cursor:pointer'>
        <a onfocus='this.blur();' onclick="document.getElementById('div_Et1.45').style.display = 'none' " >
           [x]</a>
        </div>
        <pre>
        
Et1.45: ImportError: Failed to import test module: testSignalGetSigTime
Traceback (most recent call last):
  File "C:\Users\chengxue\AppData\Local\Programs\Python\Python36\lib\unittest\loader.py", line 428, in _find_test_path
    module = self._get_module_from_name(name)
  File "C:\Users\chengxue\AppData\Local\Programs\Python\Python36\lib\unittest\loader.py", line 369, in _get_module_from_name
    __import__(name)
  File "D:\Python3--script\DASInterfaceTest --unittest\testCase\testSignalGetSigTime.py", line 3, in &lt;module&gt;
    import paramunittest
ModuleNotFoundError: No module named 'paramunittest'



        </pre>
    </div>
    <!--css div popup end-->
 
    </td>
    <td colspan='1' align='center'><a  href="javascript:void(0)" target="" class="loseeffect">picture_shot</a>
    </td>
    <td colspan='1' align='center'>
No Case Detail
</td>
</tr>

<tr id='Et1.46' class='none'>
    <td class='errorCase'><div class='testcase'>testSignalResetSig</div></td>
    <td colspan='4' align='center'>
 
    <!--css div popup start-->
    <a class="popup_link" onfocus='this.blur();' href="javascript:showTestDetail('div_Et1.46')" >
        error</a>
 
    <div id='div_Et1.46' class="popup_window">
        <div style='text-align: right; color:red;cursor:pointer'>
        <a onfocus='this.blur();' onclick="document.getElementById('div_Et1.46').style.display = 'none' " >
           [x]</a>
        </div>
        <pre>
        
Et1.46: ImportError: Failed to import test module: testSignalResetSig
Traceback (most recent call last):
  File "C:\Users\chengxue\AppData\Local\Programs\Python\Python36\lib\unittest\loader.py", line 428, in _find_test_path
    module = self._get_module_from_name(name)
  File "C:\Users\chengxue\AppData\Local\Programs\Python\Python36\lib\unittest\loader.py", line 369, in _get_module_from_name
    __import__(name)
  File "D:\Python3--script\DASInterfaceTest --unittest\testCase\testSignalResetSig.py", line 3, in &lt;module&gt;
    import paramunittest
ModuleNotFoundError: No module named 'paramunittest'



        </pre>
    </div>
    <!--css div popup end-->
 
    </td>
    <td colspan='1' align='center'><a  href="javascript:void(0)" target="" class="loseeffect">picture_shot</a>
    </td>
    <td colspan='1' align='center'>
No Case Detail
</td>
</tr>

<tr id='Et1.47' class='none'>
    <td class='errorCase'><div class='testcase'>testSignalrestoreSig</div></td>
    <td colspan='4' align='center'>
 
    <!--css div popup start-->
    <a class="popup_link" onfocus='this.blur();' href="javascript:showTestDetail('div_Et1.47')" >
        error</a>
 
    <div id='div_Et1.47' class="popup_window">
        <div style='text-align: right; color:red;cursor:pointer'>
        <a onfocus='this.blur();' onclick="document.getElementById('div_Et1.47').style.display = 'none' " >
           [x]</a>
        </div>
        <pre>
        
Et1.47: ImportError: Failed to import test module: testSignalrestoreSig
Traceback (most recent call last):
  File "C:\Users\chengxue\AppData\Local\Programs\Python\Python36\lib\unittest\loader.py", line 428, in _find_test_path
    module = self._get_module_from_name(name)
  File "C:\Users\chengxue\AppData\Local\Programs\Python\Python36\lib\unittest\loader.py", line 369, in _get_module_from_name
    __import__(name)
  File "D:\Python3--script\DASInterfaceTest --unittest\testCase\testSignalrestoreSig.py", line 3, in &lt;module&gt;
    import paramunittest
ModuleNotFoundError: No module named 'paramunittest'



        </pre>
    </div>
    <!--css div popup end-->
 
    </td>
    <td colspan='1' align='center'><a  href="javascript:void(0)" target="" class="loseeffect">picture_shot</a>
    </td>
    <td colspan='1' align='center'>
No Case Detail
</td>
</tr>

<tr id='Et1.48' class='none'>
    <td class='errorCase'><div class='testcase'>testSignalSetSigAI1Alarm</div></td>
    <td colspan='4' align='center'>
 
    <!--css div popup start-->
    <a class="popup_link" onfocus='this.blur();' href="javascript:showTestDetail('div_Et1.48')" >
        error</a>
 
    <div id='div_Et1.48' class="popup_window">
        <div style='text-align: right; color:red;cursor:pointer'>
        <a onfocus='this.blur();' onclick="document.getElementById('div_Et1.48').style.display = 'none' " >
           [x]</a>
        </div>
        <pre>
        
Et1.48: ImportError: Failed to import test module: testSignalSetSigAI1Alarm
Traceback (most recent call last):
  File "C:\Users\chengxue\AppData\Local\Programs\Python\Python36\lib\unittest\loader.py", line 428, in _find_test_path
    module = self._get_module_from_name(name)
  File "C:\Users\chengxue\AppData\Local\Programs\Python\Python36\lib\unittest\loader.py", line 369, in _get_module_from_name
    __import__(name)
  File "D:\Python3--script\DASInterfaceTest --unittest\testCase\testSignalSetSigAI1Alarm.py", line 3, in &lt;module&gt;
    import paramunittest
ModuleNotFoundError: No module named 'paramunittest'



        </pre>
    </div>
    <!--css div popup end-->
 
    </td>
    <td colspan='1' align='center'><a  href="javascript:void(0)" target="" class="loseeffect">picture_shot</a>
    </td>
    <td colspan='1' align='center'>
No Case Detail
</td>
</tr>

<tr id='Et1.49' class='none'>
    <td class='errorCase'><div class='testcase'>testSignalSetSigAI2Alarm</div></td>
    <td colspan='4' align='center'>
 
    <!--css div popup start-->
    <a class="popup_link" onfocus='this.blur();' href="javascript:showTestDetail('div_Et1.49')" >
        error</a>
 
    <div id='div_Et1.49' class="popup_window">
        <div style='text-align: right; color:red;cursor:pointer'>
        <a onfocus='this.blur();' onclick="document.getElementById('div_Et1.49').style.display = 'none' " >
           [x]</a>
        </div>
        <pre>
        
Et1.49: ImportError: Failed to import test module: testSignalSetSigAI2Alarm
Traceback (most recent call last):
  File "C:\Users\chengxue\AppData\Local\Programs\Python\Python36\lib\unittest\loader.py", line 428, in _find_test_path
    module = self._get_module_from_name(name)
  File "C:\Users\chengxue\AppData\Local\Programs\Python\Python36\lib\unittest\loader.py", line 369, in _get_module_from_name
    __import__(name)
  File "D:\Python3--script\DASInterfaceTest --unittest\testCase\testSignalSetSigAI2Alarm.py", line 3, in &lt;module&gt;
    import paramunittest
ModuleNotFoundError: No module named 'paramunittest'



        </pre>
    </div>
    <!--css div popup end-->
 
    </td>
    <td colspan='1' align='center'><a  href="javascript:void(0)" target="" class="loseeffect">picture_shot</a>
    </td>
    <td colspan='1' align='center'>
No Case Detail
</td>
</tr>

<tr id='Et1.50' class='none'>
    <td class='errorCase'><div class='testcase'>testSignalSetSigAI2Range</div></td>
    <td colspan='4' align='center'>
 
    <!--css div popup start-->
    <a class="popup_link" onfocus='this.blur();' href="javascript:showTestDetail('div_Et1.50')" >
        error</a>
 
    <div id='div_Et1.50' class="popup_window">
        <div style='text-align: right; color:red;cursor:pointer'>
        <a onfocus='this.blur();' onclick="document.getElementById('div_Et1.50').style.display = 'none' " >
           [x]</a>
        </div>
        <pre>
        
Et1.50: ImportError: Failed to import test module: testSignalSetSigAI2Range
Traceback (most recent call last):
  File "C:\Users\chengxue\AppData\Local\Programs\Python\Python36\lib\unittest\loader.py", line 428, in _find_test_path
    module = self._get_module_from_name(name)
  File "C:\Users\chengxue\AppData\Local\Programs\Python\Python36\lib\unittest\loader.py", line 369, in _get_module_from_name
    __import__(name)
  File "D:\Python3--script\DASInterfaceTest --unittest\testCase\testSignalSetSigAI2Range.py", line 3, in &lt;module&gt;
    import paramunittest
ModuleNotFoundError: No module named 'paramunittest'



        </pre>
    </div>
    <!--css div popup end-->
 
    </td>
    <td colspan='1' align='center'><a  href="javascript:void(0)" target="" class="loseeffect">picture_shot</a>
    </td>
    <td colspan='1' align='center'>
No Case Detail
</td>
</tr>

<tr id='Et1.51' class='none'>
    <td class='errorCase'><div class='testcase'>testSignalSetSigAI3Alarm</div></td>
    <td colspan='4' align='center'>
 
    <!--css div popup start-->
    <a class="popup_link" onfocus='this.blur();' href="javascript:showTestDetail('div_Et1.51')" >
        error</a>
 
    <div id='div_Et1.51' class="popup_window">
        <div style='text-align: right; color:red;cursor:pointer'>
        <a onfocus='this.blur();' onclick="document.getElementById('div_Et1.51').style.display = 'none' " >
           [x]</a>
        </div>
        <pre>
        
Et1.51: ImportError: Failed to import test module: testSignalSetSigAI3Alarm
Traceback (most recent call last):
  File "C:\Users\chengxue\AppData\Local\Programs\Python\Python36\lib\unittest\loader.py", line 428, in _find_test_path
    module = self._get_module_from_name(name)
  File "C:\Users\chengxue\AppData\Local\Programs\Python\Python36\lib\unittest\loader.py", line 369, in _get_module_from_name
    __import__(name)
  File "D:\Python3--script\DASInterfaceTest --unittest\testCase\testSignalSetSigAI3Alarm.py", line 3, in &lt;module&gt;
    import paramunittest
ModuleNotFoundError: No module named 'paramunittest'



        </pre>
    </div>
    <!--css div popup end-->
 
    </td>
    <td colspan='1' align='center'><a  href="javascript:void(0)" target="" class="loseeffect">picture_shot</a>
    </td>
    <td colspan='1' align='center'>
No Case Detail
</td>
</tr>

<tr id='Et1.52' class='none'>
    <td class='errorCase'><div class='testcase'>testSignalSetSigAI3Range</div></td>
    <td colspan='4' align='center'>
 
    <!--css div popup start-->
    <a class="popup_link" onfocus='this.blur();' href="javascript:showTestDetail('div_Et1.52')" >
        error</a>
 
    <div id='div_Et1.52' class="popup_window">
        <div style='text-align: right; color:red;cursor:pointer'>
        <a onfocus='this.blur();' onclick="document.getElementById('div_Et1.52').style.display = 'none' " >
           [x]</a>
        </div>
        <pre>
        
Et1.52: ImportError: Failed to import test module: testSignalSetSigAI3Range
Traceback (most recent call last):
  File "C:\Users\chengxue\AppData\Local\Programs\Python\Python36\lib\unittest\loader.py", line 428, in _find_test_path
    module = self._get_module_from_name(name)
  File "C:\Users\chengxue\AppData\Local\Programs\Python\Python36\lib\unittest\loader.py", line 369, in _get_module_from_name
    __import__(name)
  File "D:\Python3--script\DASInterfaceTest --unittest\testCase\testSignalSetSigAI3Range.py", line 3, in &lt;module&gt;
    import paramunittest
ModuleNotFoundError: No module named 'paramunittest'



        </pre>
    </div>
    <!--css div popup end-->
 
    </td>
    <td colspan='1' align='center'><a  href="javascript:void(0)" target="" class="loseeffect">picture_shot</a>
    </td>
    <td colspan='1' align='center'>
No Case Detail
</td>
</tr>

<tr id='Et1.53' class='none'>
    <td class='errorCase'><div class='testcase'>testSignalSetSigAI4Alarm</div></td>
    <td colspan='4' align='center'>
 
    <!--css div popup start-->
    <a class="popup_link" onfocus='this.blur();' href="javascript:showTestDetail('div_Et1.53')" >
        error</a>
 
    <div id='div_Et1.53' class="popup_window">
        <div style='text-align: right; color:red;cursor:pointer'>
        <a onfocus='this.blur();' onclick="document.getElementById('div_Et1.53').style.display = 'none' " >
           [x]</a>
        </div>
        <pre>
        
Et1.53: ImportError: Failed to import test module: testSignalSetSigAI4Alarm
Traceback (most recent call last):
  File "C:\Users\chengxue\AppData\Local\Programs\Python\Python36\lib\unittest\loader.py", line 428, in _find_test_path
    module = self._get_module_from_name(name)
  File "C:\Users\chengxue\AppData\Local\Programs\Python\Python36\lib\unittest\loader.py", line 369, in _get_module_from_name
    __import__(name)
  File "D:\Python3--script\DASInterfaceTest --unittest\testCase\testSignalSetSigAI4Alarm.py", line 3, in &lt;module&gt;
    import paramunittest
ModuleNotFoundError: No module named 'paramunittest'



        </pre>
    </div>
    <!--css div popup end-->
 
    </td>
    <td colspan='1' align='center'><a  href="javascript:void(0)" target="" class="loseeffect">picture_shot</a>
    </td>
    <td colspan='1' align='center'>
No Case Detail
</td>
</tr>

<tr id='Et1.54' class='none'>
    <td class='errorCase'><div class='testcase'>testSignalSetSigAI4Range</div></td>
    <td colspan='4' align='center'>
 
    <!--css div popup start-->
    <a class="popup_link" onfocus='this.blur();' href="javascript:showTestDetail('div_Et1.54')" >
        error</a>
 
    <div id='div_Et1.54' class="popup_window">
        <div style='text-align: right; color:red;cursor:pointer'>
        <a onfocus='this.blur();' onclick="document.getElementById('div_Et1.54').style.display = 'none' " >
           [x]</a>
        </div>
        <pre>
        
Et1.54: ImportError: Failed to import test module: testSignalSetSigAI4Range
Traceback (most recent call last):
  File "C:\Users\chengxue\AppData\Local\Programs\Python\Python36\lib\unittest\loader.py", line 428, in _find_test_path
    module = self._get_module_from_name(name)
  File "C:\Users\chengxue\AppData\Local\Programs\Python\Python36\lib\unittest\loader.py", line 369, in _get_module_from_name
    __import__(name)
  File "D:\Python3--script\DASInterfaceTest --unittest\testCase\testSignalSetSigAI4Range.py", line 3, in &lt;module&gt;
    import paramunittest
ModuleNotFoundError: No module named 'paramunittest'



        </pre>
    </div>
    <!--css div popup end-->
 
    </td>
    <td colspan='1' align='center'><a  href="javascript:void(0)" target="" class="loseeffect">picture_shot</a>
    </td>
    <td colspan='1' align='center'>
No Case Detail
</td>
</tr>

<tr id='Et1.55' class='none'>
    <td class='errorCase'><div class='testcase'>testSignalsetSigCalibFloor</div></td>
    <td colspan='4' align='center'>
 
    <!--css div popup start-->
    <a class="popup_link" onfocus='this.blur();' href="javascript:showTestDetail('div_Et1.55')" >
        error</a>
 
    <div id='div_Et1.55' class="popup_window">
        <div style='text-align: right; color:red;cursor:pointer'>
        <a onfocus='this.blur();' onclick="document.getElementById('div_Et1.55').style.display = 'none' " >
           [x]</a>
        </div>
        <pre>
        
Et1.55: ImportError: Failed to import test module: testSignalsetSigCalibFloor
Traceback (most recent call last):
  File "C:\Users\chengxue\AppData\Local\Programs\Python\Python36\lib\unittest\loader.py", line 428, in _find_test_path
    module = self._get_module_from_name(name)
  File "C:\Users\chengxue\AppData\Local\Programs\Python\Python36\lib\unittest\loader.py", line 369, in _get_module_from_name
    __import__(name)
  File "D:\Python3--script\DASInterfaceTest --unittest\testCase\testSignalsetSigCalibFloor.py", line 3, in &lt;module&gt;
    import paramunittest
ModuleNotFoundError: No module named 'paramunittest'



        </pre>
    </div>
    <!--css div popup end-->
 
    </td>
    <td colspan='1' align='center'><a  href="javascript:void(0)" target="" class="loseeffect">picture_shot</a>
    </td>
    <td colspan='1' align='center'>
No Case Detail
</td>
</tr>

<tr id='Et1.56' class='none'>
    <td class='errorCase'><div class='testcase'>testSignalsetSigCalibTemp</div></td>
    <td colspan='4' align='center'>
 
    <!--css div popup start-->
    <a class="popup_link" onfocus='this.blur();' href="javascript:showTestDetail('div_Et1.56')" >
        error</a>
 
    <div id='div_Et1.56' class="popup_window">
        <div style='text-align: right; color:red;cursor:pointer'>
        <a onfocus='this.blur();' onclick="document.getElementById('div_Et1.56').style.display = 'none' " >
           [x]</a>
        </div>
        <pre>
        
Et1.56: ImportError: Failed to import test module: testSignalsetSigCalibTemp
Traceback (most recent call last):
  File "C:\Users\chengxue\AppData\Local\Programs\Python\Python36\lib\unittest\loader.py", line 428, in _find_test_path
    module = self._get_module_from_name(name)
  File "C:\Users\chengxue\AppData\Local\Programs\Python\Python36\lib\unittest\loader.py", line 369, in _get_module_from_name
    __import__(name)
  File "D:\Python3--script\DASInterfaceTest --unittest\testCase\testSignalsetSigCalibTemp.py", line 3, in &lt;module&gt;
    import paramunittest
ModuleNotFoundError: No module named 'paramunittest'



        </pre>
    </div>
    <!--css div popup end-->
 
    </td>
    <td colspan='1' align='center'><a  href="javascript:void(0)" target="" class="loseeffect">picture_shot</a>
    </td>
    <td colspan='1' align='center'>
No Case Detail
</td>
</tr>

<tr id='Et1.57' class='none'>
    <td class='errorCase'><div class='testcase'>testSignalSetSigDI1Logic</div></td>
    <td colspan='4' align='center'>
 
    <!--css div popup start-->
    <a class="popup_link" onfocus='this.blur();' href="javascript:showTestDetail('div_Et1.57')" >
        error</a>
 
    <div id='div_Et1.57' class="popup_window">
        <div style='text-align: right; color:red;cursor:pointer'>
        <a onfocus='this.blur();' onclick="document.getElementById('div_Et1.57').style.display = 'none' " >
           [x]</a>
        </div>
        <pre>
        
Et1.57: ImportError: Failed to import test module: testSignalSetSigDI1Logic
Traceback (most recent call last):
  File "C:\Users\chengxue\AppData\Local\Programs\Python\Python36\lib\unittest\loader.py", line 428, in _find_test_path
    module = self._get_module_from_name(name)
  File "C:\Users\chengxue\AppData\Local\Programs\Python\Python36\lib\unittest\loader.py", line 369, in _get_module_from_name
    __import__(name)
  File "D:\Python3--script\DASInterfaceTest --unittest\testCase\testSignalSetSigDI1Logic.py", line 3, in &lt;module&gt;
    import paramunittest
ModuleNotFoundError: No module named 'paramunittest'



        </pre>
    </div>
    <!--css div popup end-->
 
    </td>
    <td colspan='1' align='center'><a  href="javascript:void(0)" target="" class="loseeffect">picture_shot</a>
    </td>
    <td colspan='1' align='center'>
No Case Detail
</td>
</tr>

<tr id='Et1.58' class='none'>
    <td class='errorCase'><div class='testcase'>testSignalSetSigDI2Logic</div></td>
    <td colspan='4' align='center'>
 
    <!--css div popup start-->
    <a class="popup_link" onfocus='this.blur();' href="javascript:showTestDetail('div_Et1.58')" >
        error</a>
 
    <div id='div_Et1.58' class="popup_window">
        <div style='text-align: right; color:red;cursor:pointer'>
        <a onfocus='this.blur();' onclick="document.getElementById('div_Et1.58').style.display = 'none' " >
           [x]</a>
        </div>
        <pre>
        
Et1.58: ImportError: Failed to import test module: testSignalSetSigDI2Logic
Traceback (most recent call last):
  File "C:\Users\chengxue\AppData\Local\Programs\Python\Python36\lib\unittest\loader.py", line 428, in _find_test_path
    module = self._get_module_from_name(name)
  File "C:\Users\chengxue\AppData\Local\Programs\Python\Python36\lib\unittest\loader.py", line 369, in _get_module_from_name
    __import__(name)
  File "D:\Python3--script\DASInterfaceTest --unittest\testCase\testSignalSetSigDI2Logic.py", line 3, in &lt;module&gt;
    import paramunittest
ModuleNotFoundError: No module named 'paramunittest'



        </pre>
    </div>
    <!--css div popup end-->
 
    </td>
    <td colspan='1' align='center'><a  href="javascript:void(0)" target="" class="loseeffect">picture_shot</a>
    </td>
    <td colspan='1' align='center'>
No Case Detail
</td>
</tr>

<tr id='Et1.59' class='none'>
    <td class='errorCase'><div class='testcase'>testSignalSetSigDebug</div></td>
    <td colspan='4' align='center'>
 
    <!--css div popup start-->
    <a class="popup_link" onfocus='this.blur();' href="javascript:showTestDetail('div_Et1.59')" >
        error</a>
 
    <div id='div_Et1.59' class="popup_window">
        <div style='text-align: right; color:red;cursor:pointer'>
        <a onfocus='this.blur();' onclick="document.getElementById('div_Et1.59').style.display = 'none' " >
           [x]</a>
        </div>
        <pre>
        
Et1.59: ImportError: Failed to import test module: testSignalSetSigDebug
Traceback (most recent call last):
  File "C:\Users\chengxue\AppData\Local\Programs\Python\Python36\lib\unittest\loader.py", line 428, in _find_test_path
    module = self._get_module_from_name(name)
  File "C:\Users\chengxue\AppData\Local\Programs\Python\Python36\lib\unittest\loader.py", line 369, in _get_module_from_name
    __import__(name)
  File "D:\Python3--script\DASInterfaceTest --unittest\testCase\testSignalSetSigDebug.py", line 3, in &lt;module&gt;
    import paramunittest
ModuleNotFoundError: No module named 'paramunittest'



        </pre>
    </div>
    <!--css div popup end-->
 
    </td>
    <td colspan='1' align='center'><a  href="javascript:void(0)" target="" class="loseeffect">picture_shot</a>
    </td>
    <td colspan='1' align='center'>
No Case Detail
</td>
</tr>

<tr id='Et1.60' class='none'>
    <td class='errorCase'><div class='testcase'>testSignalSetSigFloorCalcComp</div></td>
    <td colspan='4' align='center'>
 
    <!--css div popup start-->
    <a class="popup_link" onfocus='this.blur();' href="javascript:showTestDetail('div_Et1.60')" >
        error</a>
 
    <div id='div_Et1.60' class="popup_window">
        <div style='text-align: right; color:red;cursor:pointer'>
        <a onfocus='this.blur();' onclick="document.getElementById('div_Et1.60').style.display = 'none' " >
           [x]</a>
        </div>
        <pre>
        
Et1.60: ImportError: Failed to import test module: testSignalSetSigFloorCalcComp
Traceback (most recent call last):
  File "C:\Users\chengxue\AppData\Local\Programs\Python\Python36\lib\unittest\loader.py", line 428, in _find_test_path
    module = self._get_module_from_name(name)
  File "C:\Users\chengxue\AppData\Local\Programs\Python\Python36\lib\unittest\loader.py", line 369, in _get_module_from_name
    __import__(name)
  File "D:\Python3--script\DASInterfaceTest --unittest\testCase\testSignalSetSigFloorCalcComp.py", line 3, in &lt;module&gt;
    import paramunittest
ModuleNotFoundError: No module named 'paramunittest'



        </pre>
    </div>
    <!--css div popup end-->
 
    </td>
    <td colspan='1' align='center'><a  href="javascript:void(0)" target="" class="loseeffect">picture_shot</a>
    </td>
    <td colspan='1' align='center'>
No Case Detail
</td>
</tr>

<tr id='Et1.61' class='none'>
    <td class='errorCase'><div class='testcase'>testSignalSetSigFloorParam</div></td>
    <td colspan='4' align='center'>
 
    <!--css div popup start-->
    <a class="popup_link" onfocus='this.blur();' href="javascript:showTestDetail('div_Et1.61')" >
        error</a>
 
    <div id='div_Et1.61' class="popup_window">
        <div style='text-align: right; color:red;cursor:pointer'>
        <a onfocus='this.blur();' onclick="document.getElementById('div_Et1.61').style.display = 'none' " >
           [x]</a>
        </div>
        <pre>
        
Et1.61: ImportError: Failed to import test module: testSignalSetSigFloorParam
Traceback (most recent call last):
  File "C:\Users\chengxue\AppData\Local\Programs\Python\Python36\lib\unittest\loader.py", line 428, in _find_test_path
    module = self._get_module_from_name(name)
  File "C:\Users\chengxue\AppData\Local\Programs\Python\Python36\lib\unittest\loader.py", line 369, in _get_module_from_name
    __import__(name)
  File "D:\Python3--script\DASInterfaceTest --unittest\testCase\testSignalSetSigFloorParam.py", line 3, in &lt;module&gt;
    import paramunittest
ModuleNotFoundError: No module named 'paramunittest'



        </pre>
    </div>
    <!--css div popup end-->
 
    </td>
    <td colspan='1' align='center'><a  href="javascript:void(0)" target="" class="loseeffect">picture_shot</a>
    </td>
    <td colspan='1' align='center'>
No Case Detail
</td>
</tr>

<tr id='Et1.62' class='none'>
    <td class='errorCase'><div class='testcase'>testSignalSetSigLevelFloor</div></td>
    <td colspan='4' align='center'>
 
    <!--css div popup start-->
    <a class="popup_link" onfocus='this.blur();' href="javascript:showTestDetail('div_Et1.62')" >
        error</a>
 
    <div id='div_Et1.62' class="popup_window">
        <div style='text-align: right; color:red;cursor:pointer'>
        <a onfocus='this.blur();' onclick="document.getElementById('div_Et1.62').style.display = 'none' " >
           [x]</a>
        </div>
        <pre>
        
Et1.62: ImportError: Failed to import test module: testSignalSetSigLevelFloor
Traceback (most recent call last):
  File "C:\Users\chengxue\AppData\Local\Programs\Python\Python36\lib\unittest\loader.py", line 428, in _find_test_path
    module = self._get_module_from_name(name)
  File "C:\Users\chengxue\AppData\Local\Programs\Python\Python36\lib\unittest\loader.py", line 369, in _get_module_from_name
    __import__(name)
  File "D:\Python3--script\DASInterfaceTest --unittest\testCase\testSignalSetSigLevelFloor.py", line 3, in &lt;module&gt;
    import paramunittest
ModuleNotFoundError: No module named 'paramunittest'



        </pre>
    </div>
    <!--css div popup end-->
 
    </td>
    <td colspan='1' align='center'><a  href="javascript:void(0)" target="" class="loseeffect">picture_shot</a>
    </td>
    <td colspan='1' align='center'>
No Case Detail
</td>
</tr>

<tr id='Et1.63' class='none'>
    <td class='errorCase'><div class='testcase'>testSignalSetSigLevelLearn</div></td>
    <td colspan='4' align='center'>
 
    <!--css div popup start-->
    <a class="popup_link" onfocus='this.blur();' href="javascript:showTestDetail('div_Et1.63')" >
        error</a>
 
    <div id='div_Et1.63' class="popup_window">
        <div style='text-align: right; color:red;cursor:pointer'>
        <a onfocus='this.blur();' onclick="document.getElementById('div_Et1.63').style.display = 'none' " >
           [x]</a>
        </div>
        <pre>
        
Et1.63: ImportError: Failed to import test module: testSignalSetSigLevelLearn
Traceback (most recent call last):
  File "C:\Users\chengxue\AppData\Local\Programs\Python\Python36\lib\unittest\loader.py", line 428, in _find_test_path
    module = self._get_module_from_name(name)
  File "C:\Users\chengxue\AppData\Local\Programs\Python\Python36\lib\unittest\loader.py", line 369, in _get_module_from_name
    __import__(name)
  File "D:\Python3--script\DASInterfaceTest --unittest\testCase\testSignalSetSigLevelLearn.py", line 3, in &lt;module&gt;
    import paramunittest
ModuleNotFoundError: No module named 'paramunittest'



        </pre>
    </div>
    <!--css div popup end-->
 
    </td>
    <td colspan='1' align='center'><a  href="javascript:void(0)" target="" class="loseeffect">picture_shot</a>
    </td>
    <td colspan='1' align='center'>
No Case Detail
</td>
</tr>

<tr id='Et1.64' class='none'>
    <td class='errorCase'><div class='testcase'>testSignalSetSigLevelPreMagThr</div></td>
    <td colspan='4' align='center'>
 
    <!--css div popup start-->
    <a class="popup_link" onfocus='this.blur();' href="javascript:showTestDetail('div_Et1.64')" >
        error</a>
 
    <div id='div_Et1.64' class="popup_window">
        <div style='text-align: right; color:red;cursor:pointer'>
        <a onfocus='this.blur();' onclick="document.getElementById('div_Et1.64').style.display = 'none' " >
           [x]</a>
        </div>
        <pre>
        
Et1.64: ImportError: Failed to import test module: testSignalSetSigLevelPreMagThr
Traceback (most recent call last):
  File "C:\Users\chengxue\AppData\Local\Programs\Python\Python36\lib\unittest\loader.py", line 428, in _find_test_path
    module = self._get_module_from_name(name)
  File "C:\Users\chengxue\AppData\Local\Programs\Python\Python36\lib\unittest\loader.py", line 369, in _get_module_from_name
    __import__(name)
  File "D:\Python3--script\DASInterfaceTest --unittest\testCase\testSignalSetSigLevelPreMagThr.py", line 3, in &lt;module&gt;
    import paramunittest
ModuleNotFoundError: No module named 'paramunittest'



        </pre>
    </div>
    <!--css div popup end-->
 
    </td>
    <td colspan='1' align='center'><a  href="javascript:void(0)" target="" class="loseeffect">picture_shot</a>
    </td>
    <td colspan='1' align='center'>
No Case Detail
</td>
</tr>

<tr id='Et1.65' class='none'>
    <td class='errorCase'><div class='testcase'>testSignalSetSigLevelTimeThr</div></td>
    <td colspan='4' align='center'>
 
    <!--css div popup start-->
    <a class="popup_link" onfocus='this.blur();' href="javascript:showTestDetail('div_Et1.65')" >
        error</a>
 
    <div id='div_Et1.65' class="popup_window">
        <div style='text-align: right; color:red;cursor:pointer'>
        <a onfocus='this.blur();' onclick="document.getElementById('div_Et1.65').style.display = 'none' " >
           [x]</a>
        </div>
        <pre>
        
Et1.65: ImportError: Failed to import test module: testSignalSetSigLevelTimeThr
Traceback (most recent call last):
  File "C:\Users\chengxue\AppData\Local\Programs\Python\Python36\lib\unittest\loader.py", line 428, in _find_test_path
    module = self._get_module_from_name(name)
  File "C:\Users\chengxue\AppData\Local\Programs\Python\Python36\lib\unittest\loader.py", line 369, in _get_module_from_name
    __import__(name)
  File "D:\Python3--script\DASInterfaceTest --unittest\testCase\testSignalSetSigLevelTimeThr.py", line 3, in &lt;module&gt;
    import paramunittest
ModuleNotFoundError: No module named 'paramunittest'



        </pre>
    </div>
    <!--css div popup end-->
 
    </td>
    <td colspan='1' align='center'><a  href="javascript:void(0)" target="" class="loseeffect">picture_shot</a>
    </td>
    <td colspan='1' align='center'>
No Case Detail
</td>
</tr>

<tr id='Et1.66' class='none'>
    <td class='errorCase'><div class='testcase'>testSignalSetSigRs232Param</div></td>
    <td colspan='4' align='center'>
 
    <!--css div popup start-->
    <a class="popup_link" onfocus='this.blur();' href="javascript:showTestDetail('div_Et1.66')" >
        error</a>
 
    <div id='div_Et1.66' class="popup_window">
        <div style='text-align: right; color:red;cursor:pointer'>
        <a onfocus='this.blur();' onclick="document.getElementById('div_Et1.66').style.display = 'none' " >
           [x]</a>
        </div>
        <pre>
        
Et1.66: ImportError: Failed to import test module: testSignalSetSigRs232Param
Traceback (most recent call last):
  File "C:\Users\chengxue\AppData\Local\Programs\Python\Python36\lib\unittest\loader.py", line 428, in _find_test_path
    module = self._get_module_from_name(name)
  File "C:\Users\chengxue\AppData\Local\Programs\Python\Python36\lib\unittest\loader.py", line 369, in _get_module_from_name
    __import__(name)
  File "D:\Python3--script\DASInterfaceTest --unittest\testCase\testSignalSetSigRs232Param.py", line 3, in &lt;module&gt;
    import paramunittest
ModuleNotFoundError: No module named 'paramunittest'



        </pre>
    </div>
    <!--css div popup end-->
 
    </td>
    <td colspan='1' align='center'><a  href="javascript:void(0)" target="" class="loseeffect">picture_shot</a>
    </td>
    <td colspan='1' align='center'>
No Case Detail
</td>
</tr>

<tr id='Et1.67' class='none'>
    <td class='errorCase'><div class='testcase'>testSignalSetSigRs485Param</div></td>
    <td colspan='4' align='center'>
 
    <!--css div popup start-->
    <a class="popup_link" onfocus='this.blur();' href="javascript:showTestDetail('div_Et1.67')" >
        error</a>
 
    <div id='div_Et1.67' class="popup_window">
        <div style='text-align: right; color:red;cursor:pointer'>
        <a onfocus='this.blur();' onclick="document.getElementById('div_Et1.67').style.display = 'none' " >
           [x]</a>
        </div>
        <pre>
        
Et1.67: ImportError: Failed to import test module: testSignalSetSigRs485Param
Traceback (most recent call last):
  File "C:\Users\chengxue\AppData\Local\Programs\Python\Python36\lib\unittest\loader.py", line 428, in _find_test_path
    module = self._get_module_from_name(name)
  File "C:\Users\chengxue\AppData\Local\Programs\Python\Python36\lib\unittest\loader.py", line 369, in _get_module_from_name
    __import__(name)
  File "D:\Python3--script\DASInterfaceTest --unittest\testCase\testSignalSetSigRs485Param.py", line 3, in &lt;module&gt;
    import paramunittest
ModuleNotFoundError: No module named 'paramunittest'



        </pre>
    </div>
    <!--css div popup end-->
 
    </td>
    <td colspan='1' align='center'><a  href="javascript:void(0)" target="" class="loseeffect">picture_shot</a>
    </td>
    <td colspan='1' align='center'>
No Case Detail
</td>
</tr>

<tr id='Et1.68' class='none'>
    <td class='errorCase'><div class='testcase'>testSignalSetSigTime</div></td>
    <td colspan='4' align='center'>
 
    <!--css div popup start-->
    <a class="popup_link" onfocus='this.blur();' href="javascript:showTestDetail('div_Et1.68')" >
        error</a>
 
    <div id='div_Et1.68' class="popup_window">
        <div style='text-align: right; color:red;cursor:pointer'>
        <a onfocus='this.blur();' onclick="document.getElementById('div_Et1.68').style.display = 'none' " >
           [x]</a>
        </div>
        <pre>
        
Et1.68: ImportError: Failed to import test module: testSignalSetSigTime
Traceback (most recent call last):
  File "C:\Users\chengxue\AppData\Local\Programs\Python\Python36\lib\unittest\loader.py", line 428, in _find_test_path
    module = self._get_module_from_name(name)
  File "C:\Users\chengxue\AppData\Local\Programs\Python\Python36\lib\unittest\loader.py", line 369, in _get_module_from_name
    __import__(name)
  File "D:\Python3--script\DASInterfaceTest --unittest\testCase\testSignalSetSigTime.py", line 3, in &lt;module&gt;
    import paramunittest
ModuleNotFoundError: No module named 'paramunittest'



        </pre>
    </div>
    <!--css div popup end-->
 
    </td>
    <td colspan='1' align='center'><a  href="javascript:void(0)" target="" class="loseeffect">picture_shot</a>
    </td>
    <td colspan='1' align='center'>
No Case Detail
</td>
</tr>

<tr id='Et1.69' class='none'>
    <td class='errorCase'><div class='testcase'>testSignalSwitchSigPartition</div></td>
    <td colspan='4' align='center'>
 
    <!--css div popup start-->
    <a class="popup_link" onfocus='this.blur();' href="javascript:showTestDetail('div_Et1.69')" >
        error</a>
 
    <div id='div_Et1.69' class="popup_window">
        <div style='text-align: right; color:red;cursor:pointer'>
        <a onfocus='this.blur();' onclick="document.getElementById('div_Et1.69').style.display = 'none' " >
           [x]</a>
        </div>
        <pre>
        
Et1.69: ImportError: Failed to import test module: testSignalSwitchSigPartition
Traceback (most recent call last):
  File "C:\Users\chengxue\AppData\Local\Programs\Python\Python36\lib\unittest\loader.py", line 428, in _find_test_path
    module = self._get_module_from_name(name)
  File "C:\Users\chengxue\AppData\Local\Programs\Python\Python36\lib\unittest\loader.py", line 369, in _get_module_from_name
    __import__(name)
  File "D:\Python3--script\DASInterfaceTest --unittest\testCase\testSignalSwitchSigPartition.py", line 3, in &lt;module&gt;
    import paramunittest
ModuleNotFoundError: No module named 'paramunittest'



        </pre>
    </div>
    <!--css div popup end-->
 
    </td>
    <td colspan='1' align='center'><a  href="javascript:void(0)" target="" class="loseeffect">picture_shot</a>
    </td>
    <td colspan='1' align='center'>
No Case Detail
</td>
</tr>

<tr id='Et1.70' class='none'>
    <td class='errorCase'><div class='testcase'>testSignalUpgradeSig</div></td>
    <td colspan='4' align='center'>
 
    <!--css div popup start-->
    <a class="popup_link" onfocus='this.blur();' href="javascript:showTestDetail('div_Et1.70')" >
        error</a>
 
    <div id='div_Et1.70' class="popup_window">
        <div style='text-align: right; color:red;cursor:pointer'>
        <a onfocus='this.blur();' onclick="document.getElementById('div_Et1.70').style.display = 'none' " >
           [x]</a>
        </div>
        <pre>
        
Et1.70: ImportError: Failed to import test module: testSignalUpgradeSig
Traceback (most recent call last):
  File "C:\Users\chengxue\AppData\Local\Programs\Python\Python36\lib\unittest\loader.py", line 428, in _find_test_path
    module = self._get_module_from_name(name)
  File "C:\Users\chengxue\AppData\Local\Programs\Python\Python36\lib\unittest\loader.py", line 369, in _get_module_from_name
    __import__(name)
  File "D:\Python3--script\DASInterfaceTest --unittest\testCase\testSignalUpgradeSig.py", line 3, in &lt;module&gt;
    import paramunittest
ModuleNotFoundError: No module named 'paramunittest'



        </pre>
    </div>
    <!--css div popup end-->
 
    </td>
    <td colspan='1' align='center'><a  href="javascript:void(0)" target="" class="loseeffect">picture_shot</a>
    </td>
    <td colspan='1' align='center'>
No Case Detail
</td>
</tr>

<tr id='Et1.71' class='none'>
    <td class='errorCase'><div class='testcase'>testSignalPushSigUpgradeData</div></td>
    <td colspan='4' align='center'>
 
    <!--css div popup start-->
    <a class="popup_link" onfocus='this.blur();' href="javascript:showTestDetail('div_Et1.71')" >
        error</a>
 
    <div id='div_Et1.71' class="popup_window">
        <div style='text-align: right; color:red;cursor:pointer'>
        <a onfocus='this.blur();' onclick="document.getElementById('div_Et1.71').style.display = 'none' " >
           [x]</a>
        </div>
        <pre>
        
Et1.71: ImportError: Failed to import test module: testSignalPushSigUpgradeData
Traceback (most recent call last):
  File "C:\Users\chengxue\AppData\Local\Programs\Python\Python36\lib\unittest\loader.py", line 428, in _find_test_path
    module = self._get_module_from_name(name)
  File "C:\Users\chengxue\AppData\Local\Programs\Python\Python36\lib\unittest\loader.py", line 369, in _get_module_from_name
    __import__(name)
  File "D:\Python3--script\DASInterfaceTest --unittest\testCase\testSignalPushSigUpgradeData.py", line 3, in &lt;module&gt;
    import paramunittest
ModuleNotFoundError: No module named 'paramunittest'



        </pre>
    </div>
    <!--css div popup end-->
 
    </td>
    <td colspan='1' align='center'><a  href="javascript:void(0)" target="" class="loseeffect">picture_shot</a>
    </td>
    <td colspan='1' align='center'>
No Case Detail
</td>
</tr>

<tr id='total_row'>
    <td>Total and Rate</td>
    <td>71</td>
    <td>0</td>
    <td>0</td>
    <td>71</td>
    <td>Proportion</td>
    <td>0/71</td>
</tr>
</table>

<div id='ending'> </div>
<div class="bg"> 
                       <div class="panelBg"></div> 
                       <div class="panel">
                       <div id="section1">
                           <div class="title">Pie Chart</div> 
                           <div class="subTitle">This chart is to show the rate that statis of test cases</div>
                           <div class="piechart">  
                               <canvas id="circle" width="225" height="168" onmousemove='javascript:drawCircle(0, 0, 71)'>your browser does not support the canvas tag</canvas>
                           </div>
                           <div class="description"> 
                           <div class="scroll-item item-even"> 
                               <div class="rect" style="background-color: #6c6; "></div> 
                               <div class="item-text">Passcase:0</div> 
                           </div> 
                           <div class="scroll-item item-odd"> 
                               <div class="rect" style="background-color: #c60; "></div> 
                               <div class="item-text">failcase:0</div> 
                           </div>  
                           <div class="scroll-item item-even"> 
                               <div class="rect" style="background-color: #c00; "></div> 
                               <div class="item-text">errorcase:71</div> 
                           </div>
                           <div class="scroll-item item-odd"> 
                           </div>
                           <div class="scroll-item item-even">   
                           </div>
                       </div>
                       <div class="button" onclick='javascript:drawCircle(0, 0, 71)'><span class="buttonText">CLICK SEE PIE CHART</span></div>
                       </div> 
                       <div id="section2"> 
                       <div class="title">Bar Chart</div> 
                           <div class="subTitle">This chart is to show the count that statis of test cases</div>
                           <div class="barchart">  
                               <canvas id="bar" width="225" height="168" onclick='javascript:drawBar(0, 0, 71)'>your browser does not support the canvas tag</canvas>
                           </div>
                           <div class="description"> 
                           <div class="scroll-item item-even"> 
                               <div class="rect" style="background-color: #6c6; "></div> 
                               <div class="item-text">Passcase:0</div> 
                           </div> 
                           <div class="scroll-item item-odd"> 
                               <div class="rect" style="background-color: #c60; "></div> 
                               <div class="item-text">failcase:0</div> 
                           </div>  
                           <div class="scroll-item item-even"> 
                               <div class="rect" style="background-color: #c00; "></div> 
                               <div class="item-text">errorcase:71</div> 
                           </div>
                           <div class="scroll-item item-odd"> 
                           </div>
                           <div class="scroll-item item-even">   
                           </div>
                       </div>
                       <div class="button" onclick='javascript:drawBar(0, 0, 71)'><span class="buttonText">CLICK SEE BAR CHART</span></div>
                       </div> 
                       <div id="section3">
                        <div class="title">Line Chart</div> 
                           <div class="subTitle">This chart is to show the rate that data of test cases</div>
                           <div class="linechart">  
                               <canvas id="line" width="225" height="168" onclick='javascript:drawline(0, 0, 71)'>your browser does not support the canvas tag</canvas>
                           </div>
                           <div class="description"> 
                           <div class="scroll-item item-even"> 
                               <div class="rect" style="background-color: #6c6; "></div> 
                               <div class="item-text">Passcase:0</div> 
                           </div> 
                           <div class="scroll-item item-odd"> 
                               <div class="rect" style="background-color: #c60; "></div> 
                               <div class="item-text">failcase:0</div> 
                           </div>  
                           <div class="scroll-item item-even"> 
                               <div class="rect" style="background-color: #c00; "></div> 
                               <div class="item-text">errorcase:71</div> 
                           </div>
                           <div class="scroll-item item-odd"> 
                           </div>
                           <div class="scroll-item item-even">   
                           </div>
                       </div>
                       <div class="button" onclick='javascript:drawline(0, 0, 71)'><span class="buttonText">CLICK SEE BAR CHART</span></div>
                       </div> 
                       </div>
                       <div class="panel1">
                       <div id="section4">
                           <a>0 Pass cases, 0 fail cases, 71 error cases.</a>
                       </div>
                       </div>
                    </div>
</body>
</html>
<script type="text/javascript">
function drawCircle(pass, fail, error){
    var color = ["#6c6","#c60","#c00"]; 
    var data = [pass,fail,error];
    var canvas = document.getElementById("circle"); 
    var ctx = canvas.getContext("2d"); 
    var startPoint=0; 
    for(var i=0;i<data.length;i++){ 
        ctx.fillStyle = color[i]; 
        ctx.beginPath(); 
        ctx.moveTo(112,84);  
        ctx.arc(112,84,84,startPoint,startPoint+Math.PI*2*(data[i]/(data[0]+data[1]+data[2])),false); 
        ctx.fill(); 
        startPoint += Math.PI*2*(data[i]/(data[0]+data[1]+data[2])); 
    } 
}
 
function FillRect(cxt, x1, y1, width, height, color) {
    cxt.fillStyle = color;
    cxt.fillRect(x1, y1, width, height);
}
 
function drawBar(pass, fail, error){
 
    var color = ["#6c6","#c60","#c00"]; 
    var data = [pass,fail,error];
    var count = pass + fail + error;
    var h =[10+(1 - pass/count)*148,10+(1 - fail/count)*148,10+(1 - error/count)*148];
    var x = [30,90,150];
    var y = [70,130,190];
    var canvas = document.getElementById("bar"); 
    var ctx = canvas.getContext("2d");
    DrawString(ctx, 'Count(c)', '', '', '', '', 15, 10)
    DrawLine(ctx,5,15,10,10,'black');
    DrawLine(ctx,15,15,10,10,'black');
    DrawLine(ctx,10,10,10,158,'black');
    DrawLine(ctx,10,158,215,158,'black');
    DrawLine(ctx,210,153,215,158,'black');
    DrawLine(ctx,210,163,215,158,'black');
    DrawString(ctx, 'Type(c)', '', '', '', '', 180, 160)
    for(var i=0;i<3;i++) {
        DrawLine(ctx,x[i],h[i],x[i],158,color[i]);
        DrawLine(ctx,x[i],h[i],y[i],h[i],color[i]);
        DrawLine(ctx,y[i],h[i],y[i],158,color[i]);
        DrawLine(ctx,(y[i]+x[i])/2,153,(y[i]+x[i])/2,158,color[i]);
        DrawString(ctx, data[i], '', color[i], '', '', (y[i]+x[i])/2, h[i]-15);
        FillRect(ctx, x[i], h[i], 40, 158-h[i], color[i]);
    }
}
 
function DrawP(ctx, P) {
    with (ctx) {
        moveTo(P[0],P[1]);
        lineTo(P[0]+1,P[1]+1);
     }
}
 
function DrawLine(cxt, x1, y1, x2, y2, color) {
 
    cxt.strokeStyle = color;
    cxt.beginPath();
    cxt.moveTo(x1, y1);
    cxt.lineTo(x2, y2);
    cxt.stroke();
}
 
function DrawString(cxt, text, font, color, align, v_align, x, y) {
    if (font == "") {
        cxt.font = "10px";
    }
    else {
        cxt.font = font;
    }
    if (color == "") {
        cxt.fillStyle = "#000000";
    }
    else {
        cxt.fillStyle = color;
    }
    if (align == "") {
        cxt.textAlign = "left";
    }
    else {
        cxt.textAlign = align;
    }
    if (v_align == "") {
        cxt.textBaseline = "top";
    }
    else {
        cxt.textBaseline = v_align;
    }
    cxt.fillText(text, x, y);
}
 
function drawline(pass, fail, error){
    var color = ["#6c6","#c60","#c00"]; 
    var data = [pass,fail,error];
    var count = pass + fail + error;
    var x = [30,90,150];
    var y = [70,130,190];
    var h =[10+(1 - pass/count)*148,10+(1 - fail/count)*148,10+(1 - error/count)*148];
    var canvas = document.getElementById("line"); 
    var ctx = canvas.getContext("2d");
    DrawString(ctx, 'Count(c)', '', '', '', '', 15, 10)
    DrawLine(ctx,5,15,10,10,'black');
    DrawLine(ctx,15,15,10,10,'black');
    DrawLine(ctx,10,10,10,158,'black');
    DrawLine(ctx,10,158,215,158,'black');
    DrawLine(ctx,210,153,215,158,'black');
    DrawLine(ctx,210,163,215,158,'black');
    DrawString(ctx, 'Type(c)', '', '', '', '', 180, 160)
    for(var i=0;i<3;i++) {
        p = Array((y[i]+x[i])/2,h[i]);
        DrawP(ctx,p);
        DrawLine(ctx,(y[i]+x[i])/2,153,(y[i]+x[i])/2,158,color[i]);
        DrawString(ctx, data[i], '', color[i], '', '', (y[i]+x[i])/2, h[i]-15);
        if(i < 2) {
         
            DrawLine(ctx,(y[i]+x[i])/2,h[i],(y[i+1]+x[i+1])/2,h[i+1],'black');
             
        }
         
    }
     
}
 
</script> 
